<?xml version="1.0" encoding="utf-8"?><testsuites name="pytest tests"><testsuite name="pytest" errors="0" failures="0" skipped="0" tests="17" time="12.214" timestamp="2026-07-06T08:34:08.889469+00:00" hostname="agent-env-13050350-9465-4f0f-bb4e-3629f1a7fc5f"><testcase classname="tests.test_iteration3.TestForgotResetPassword" name="test_forgot_password_flow_new_account" time="3.272" /><testcase classname="tests.test_iteration3.TestNotifications" name="test_enroll_notifies_student_and_teacher" time="1.559" /><testcase classname="tests.test_iteration3.TestNotifications" name="test_mark_all_read" time="1.075" /><testcase classname="tests.test_iteration3.TestNotifications" name="test_grading_notifies_student" time="1.363" /><testcase classname="tests.test_iteration3.TestForgotResetPassword" name="test_reset_invalid_token" time="0.097" /><testcase classname="tests.test_iteration3.TestForgotResetPassword" name="test_forgot_password_unknown_email_still_200" time="0.097" /><testcase classname="tests.test_iteration3.TestForgotResetPassword" name="test_reset_short_password_rejected" time="0.096" /><testcase classname="tests.test_iteration3.TestLeaderboard" name="test_leaderboard_ordering_and_my_rank" time="2.691" /><testcase classname="tests.test_iteration3.TestNotifications" name="test_announcement_notifies_all_students" time="1.337" /><testcase classname="tests.test_iteration3.TestNotifications" name="test_notifications_require_auth" time="0.104" /><testcase classname="tests.test_iteration3.TestRegression" name="test_teacher_analytics" time="0.145" /><testcase classname="tests.test_iteration3.TestRegression" name="test_login_both_roles" time="0.664" /><testcase classname="tests.test_iteration3.TestRegression" name="test_payments_demo_checkout_still_enrolls" time="0.885" /><testcase classname="tests.test_iteration3.TestLeaderboard" name="test_leaderboard_no_attempts" time="0.509" /><testcase classname="tests.test_iteration3.TestLeaderboard" name="test_leaderboard_not_found" time="0.458" /><testcase classname="tests.test_iteration3.TestBatchScopedClasses" name="test_scoped_visibility" time="2.457" /><testcase classname="tests.test_iteration3.TestBatchScopedClasses" name="test_scoped_class_notifies_only_scoped_students" time="2.049" /></testsuite></testsuites>