<?xml version="1.0" encoding="utf-8"?><testsuites name="pytest tests"><testsuite name="pytest" errors="0" failures="0" skipped="0" tests="7" time="6.719" timestamp="2026-07-12T15:19:17.992342+00:00" hostname="agent-env-13050350-9465-4f0f-bb4e-3629f1a7fc5f"><testcase classname="tests.test_iteration5_bugfix" name="test_settings_public_exposes_razorpay" time="0.484" /><testcase classname="tests.test_iteration5_bugfix" name="test_razorpay_create_order_returns_400_when_not_configured" time="0.209" /><testcase classname="tests.test_iteration5_bugfix" name="test_razorpay_verify_returns_400_when_not_configured" time="0.096" /><testcase classname="tests.test_iteration5_bugfix" name="test_teacher_can_move_student_batch" time="1.474" /><testcase classname="tests.test_iteration5_bugfix" name="test_move_batch_invalid_returns_error" time="0.206" /><testcase classname="tests.test_iteration5_bugfix" name="test_enrolment_triggers_admin_bcc_email" time="3.727" /><testcase classname="tests.test_iteration5_bugfix" name="test_no_academy_vinodpungle_references" time="0.004" /></testsuite></testsuites>