<?xml version="1.0" encoding="utf-8"?><testsuites name="pytest tests"><testsuite name="pytest" errors="0" failures="0" skipped="0" tests="64" time="42.361" timestamp="2026-07-12T16:28:00.085898+00:00" hostname="agent-env-13050350-9465-4f0f-bb4e-3629f1a7fc5f"><testcase classname="tests.test_phase1_subtopics" name="test_migration_backfills_sub_topics" time="0.254" /><testcase classname="tests.test_phase1_subtopics" name="test_add_section_creates_default_sub_topic" time="0.235" /><testcase classname="tests.test_phase1_subtopics" name="test_add_section_empty_title_rejected" time="0.239" /><testcase classname="tests.test_phase1_subtopics" name="test_sub_topic_crud_and_duplicate_rejected" time="0.250" /><testcase classname="tests.test_phase1_subtopics" name="test_delete_sub_topic_blocked_if_lessons_exist" time="0.241" /><testcase classname="tests.test_phase1_subtopics" name="test_reorder_sub_topics" time="0.262" /><testcase classname="tests.test_phase1_subtopics" name="test_add_lesson_requires_url_or_notes" time="0.239" /><testcase classname="tests.test_phase1_subtopics" name="test_get_lesson_page_prev_next" time="0.249" /><testcase classname="tests.test_phase1_subtopics" name="test_completed_lesson_progress_accounts_for_subtopics" time="0.471" /><testcase classname="tests.test_phase1_subtopics" name="test_migration_idempotent" time="0.260" /><testcase classname="tests.test_phase3_lesson_page" name="test_first_lesson_no_prev" time="0.244" /><testcase classname="tests.test_phase3_lesson_page" name="test_final_lesson_no_next" time="0.255" /><testcase classname="tests.test_phase3_lesson_page" name="test_lesson_navigation_across_sections_and_sub_topics" time="0.274" /><testcase classname="tests.test_phase3_lesson_page" name="test_lesson_page_requires_enrollment_for_student" time="0.480" /><testcase classname="tests.test_phase3_lesson_page" name="test_single_lesson_first_and_last_at_once" time="0.243" /><testcase classname="tests.test_phase4_comments" name="test_student_and_teacher_can_post_and_reply" time="0.488" /><testcase classname="tests.test_phase4_comments" name="test_teacher_disable_blocks_new_comments" time="0.575" /><testcase classname="tests.test_phase4_comments" name="test_non_enrolled_student_denied" time="1.225" /><testcase classname="tests.test_phase4_comments" name="test_delete_own_and_teacher_can_delete_any" time="0.514" /><testcase classname="tests.test_phase4_comments" name="test_delete_root_cascades_replies" time="0.604" /><testcase classname="tests.test_phase4_comments" name="test_recording_comments_teacher_toggle" time="0.308" /><testcase classname="tests.test_phase5_live_classes" name="test_reschedule_future_ok" time="0.250" /><testcase classname="tests.test_phase5_live_classes" name="test_reschedule_to_past_rejected" time="0.243" /><testcase classname="tests.test_phase5_live_classes" name="test_reschedule_invalid_duration_rejected" time="0.243" /><testcase classname="tests.test_phase5_live_classes" name="test_set_and_remove_recording" time="0.253" /><testcase classname="tests.test_phase5_live_classes" name="test_attendance_idempotent_and_teacher_view" time="0.481" /><testcase classname="tests.test_phase5_live_classes" name="test_attendance_requires_enrollment_for_course_scoped_class" time="0.477" /><testcase classname="tests.test_phase5_live_classes" name="test_past_class_without_recording_shows_no_recording_url" time="0.253" /><testcase classname="tests.test_phase6_retakes" name="test_default_retakes_disabled" time="0.703" /><testcase classname="tests.test_phase6_retakes" name="test_retakes_enabled_allows_reattempt_and_updates_score" time="0.477" /><testcase classname="tests.test_phase6_retakes" name="test_teacher_can_flip_retakes_mid_course" time="0.477" /><testcase classname="tests.test_phase7_payments" name="test_paid_course_enrol_blocked_in_live_mode" time="1.167" /><testcase classname="tests.test_phase7_payments" name="test_paid_course_enrol_allowed_in_demo_mode" time="1.482" /><testcase classname="tests.test_phase7_payments" name="test_free_course_enrol_works_in_any_mode" time="2.529" /><testcase classname="tests.test_phase7_payments" name="test_admin_settings_upi_vpa_validation" time="0.466" /><testcase classname="tests.test_phase7_payments" name="test_admin_records_partial_payment_and_grants_access" time="1.519" /><testcase classname="tests.test_phase7_payments" name="test_reject_overpayment_and_edit" time="1.504" /><testcase classname="tests.test_phase7_payments" name="test_admin_grant_enrollment_without_payment" time="1.422" /><testcase classname="tests.test_phase9_10_enrollment" name="test_teacher_moves_student_between_batches_and_selfpaced" time="1.285" /><testcase classname="tests.test_phase9_10_enrollment" name="test_move_to_nonexistent_batch_rejected" time="1.271" /><testcase classname="tests.test_phase9_10_enrollment" name="test_dashboard_shows_free_courses" time="1.047" /><testcase classname="tests.test_iteration5_bugfix" name="test_settings_public_exposes_razorpay" time="0.515" /><testcase classname="tests.test_iteration5_bugfix" name="test_razorpay_create_order_returns_400_when_not_configured" time="0.212" /><testcase classname="tests.test_iteration5_bugfix" name="test_razorpay_verify_returns_400_when_not_configured" time="0.100" /><testcase classname="tests.test_iteration5_bugfix" name="test_teacher_can_move_student_batch" time="1.525" /><testcase classname="tests.test_iteration5_bugfix" name="test_move_batch_invalid_returns_error" time="0.198" /><testcase classname="tests.test_iteration5_bugfix" name="test_enrolment_triggers_admin_bcc_email" time="3.720" /><testcase classname="tests.test_iteration5_bugfix" name="test_no_academy_vinodpungle_references" time="0.004" /><testcase classname="tests.test_iteration6_bugfix" name="test_move_from_batch_to_self_paced_returns_200" time="2.087" /><testcase classname="tests.test_iteration6_bugfix" name="test_move_self_paced_to_self_paced_is_idempotent" time="0.792" /><testcase classname="tests.test_iteration6_bugfix" name="test_settings_public_razorpay_disabled" time="0.097" /><testcase classname="tests.test_iteration7_refactor_smoke" name="test_partial_payment_does_not_enrol" time="1.646" /><testcase classname="tests.test_iteration7_refactor_smoke" name="test_second_payment_completes_and_auto_enrols" time="0.220" /><testcase classname="tests.test_iteration7_refactor_smoke" name="test_overpayment_rejected_with_message" time="0.446" /><testcase classname="tests.test_iteration7_refactor_smoke" name="test_edit_payment_up_auto_enrols" time="0.834" /><testcase classname="tests.test_iteration7_refactor_smoke" name="test_razorpay_create_order_400_when_env_empty" time="0.415" /><testcase classname="tests.test_iteration7_refactor_smoke" name="test_razorpay_verify_400_when_env_empty" time="0.095" /><testcase classname="tests.test_iteration7_refactor_smoke" name="test_razorpay_error_leak_removed" time="0.095" /><testcase classname="tests.test_iteration7_refactor_smoke" name="test_startup_ok_no_uuid_error" time="0.097" /><testcase classname="tests.test_iteration8_edit_symmetry" name="test_put_edit_up_returns_auto_granted_true_and_enrolls" time="1.542" /><testcase classname="tests.test_iteration8_edit_symmetry" name="test_put_edit_down_on_already_paid_returns_auto_granted_false" time="0.833" /><testcase classname="tests.test_iteration8_edit_symmetry" name="test_record_overpayment_error_uses_2f_precision" time="0.711" /><testcase classname="tests.test_iteration8_edit_symmetry" name="test_razorpay_create_order_overamount_uses_2f_precision" time="0.614" /><testcase classname="tests.test_iteration8_edit_symmetry" name="test_admin_edit_payment_no_longer_inlines_enrollment_insert" time="0.000" /></testsuite></testsuites>