<?xml version="1.0" encoding="utf-8"?><testsuites name="pytest tests"><testsuite name="pytest" errors="0" failures="0" skipped="0" tests="22" time="5.629" timestamp="2026-07-11T09:16:27.542734+00:00" hostname="agent-env-13050350-9465-4f0f-bb4e-3629f1a7fc5f"><testcase classname="tests.test_iteration4.TestAuthRename" name="test_admin_login_rgp" time="0.348" /><testcase classname="tests.test_iteration4.TestAuthRename" name="test_teacher_login_rgp" time="0.364" /><testcase classname="tests.test_iteration4.TestAuthRename" name="test_student_login_rgp" time="0.346" /><testcase classname="tests.test_iteration4.TestAuthRename" name="test_jam_email_login_gone" time="0.092" /><testcase classname="tests.test_iteration4.TestTeacherScope" name="test_teacher_courses_own_only" time="0.425" /><testcase classname="tests.test_iteration4.TestTeacherScope" name="test_teacher_tests_own_with_attempt_count" time="0.089" /><testcase classname="tests.test_iteration4.TestTeacherScope" name="test_teacher_live_classes_own_only" time="0.091" /><testcase classname="tests.test_iteration4.TestTeacherScope" name="test_teacher_assignments_own_only" time="0.097" /><testcase classname="tests.test_iteration4.TestTeacherScope" name="test_teacher_announcements_own_plus_admin" time="0.091" /><testcase classname="tests.test_iteration4.TestStudentScope" name="test_student_tests_scope" time="0.503" /><testcase classname="tests.test_iteration4.TestStudentScope" name="test_student_assignments_scope" time="0.191" /><testcase classname="tests.test_iteration4.TestStudentScope" name="test_student_live_classes_scope" time="0.184" /><testcase classname="tests.test_iteration4.TestStudentScope" name="test_student_announcements_scope" time="0.192" /><testcase classname="tests.test_iteration4.TestDeleteTestGuard" name="test_delete_test_without_attempts_ok" time="0.280" /><testcase classname="tests.test_iteration4.TestDeleteTestGuard" name="test_delete_test_with_attempts_blocked_400" time="0.476" /><testcase classname="tests.test_iteration4.TestUpdateTest" name="test_put_test_updates_fields" time="0.364" /><testcase classname="tests.test_iteration4.TestCourseLinkedFilter" name="test_live_classes_course_id_filter" time="0.190" /><testcase classname="tests.test_iteration4.TestAdminBreakdowns" name="test_admin_teachers_summary" time="0.418" /><testcase classname="tests.test_iteration4.TestAdminBreakdowns" name="test_admin_teacher_detail" time="0.197" /><testcase classname="tests.test_iteration4.TestAdminBreakdowns" name="test_admin_top_performers" time="0.104" /><testcase classname="tests.test_iteration4.TestAnnouncementCourseId" name="test_teacher_post_announcement_global" time="0.209" /><testcase classname="tests.test_iteration4.TestAnnouncementCourseId" name="test_teacher_post_announcement_course" time="0.278" /></testsuite></testsuites>