<?xml version="1.0" encoding="utf-8"?><testsuites name="pytest tests"><testsuite name="pytest" errors="0" failures="8" skipped="0" tests="81" time="75.514" timestamp="2026-07-11T09:17:08.075824+00:00" hostname="agent-env-13050350-9465-4f0f-bb4e-3629f1a7fc5f"><testcase classname="tests.backend_test" name="test_root" time="10.133"><failure message="assert 'JAM' in &quot;Rohini's Academy LMS API&quot;&#10; +  where &quot;Rohini's Academy LMS API&quot; = &lt;built-in method get of dict object at 0xfbb207712880&gt;('message', '')&#10; +    where &lt;built-in method get of dict object at 0xfbb207712880&gt; = {'message': &quot;Rohini's Academy LMS API&quot;}.get&#10; +      where {'message': &quot;Rohini's Academy LMS API&quot;} = json()&#10; +        where json = &lt;Response [200]&gt;.json">E   assert 'JAM' in "Rohini's Academy LMS API"
     +  where "Rohini's Academy LMS API" = &lt;built-in method get of dict object at 0xfbb207712880&gt;('message', '')
     +    where &lt;built-in method get of dict object at 0xfbb207712880&gt; = {'message': "Rohini's Academy LMS API"}.get
     +      where {'message': "Rohini's Academy LMS API"} = json()
     +        where json = &lt;Response [200]&gt;.json</failure></testcase><testcase classname="tests.backend_test.TestAuth" name="test_register_student" time="19.484" /><testcase classname="tests.backend_test.TestAuth" name="test_register_teacher" time="0.325" /><testcase classname="tests.backend_test.TestAuth" name="test_register_duplicate" time="0.096" /><testcase classname="tests.backend_test.TestAuth" name="test_login_success" time="0.348" /><testcase classname="tests.backend_test.TestAuth" name="test_login_wrong_password" time="0.320" /><testcase classname="tests.backend_test.TestAuth" name="test_me_endpoint" time="1.434" /><testcase classname="tests.backend_test.TestAuth" name="test_me_unauthorized" time="15.108" /><testcase classname="tests.backend_test.TestCourses" name="test_list_courses_public_shape" time="0.117" /><testcase classname="tests.backend_test.TestCourses" name="test_teacher_courses" time="0.408" /><testcase classname="tests.backend_test.TestCourses" name="test_student_cannot_create_course" time="0.096" /><testcase classname="tests.backend_test.TestCourses" name="test_teacher_create_course_and_sections" time="0.479" /><testcase classname="tests.backend_test.TestCourses" name="test_student_enroll_progress" time="1.012" /><testcase classname="tests.backend_test.TestCourses" name="test_course_students_teacher_only" time="0.288" /><testcase classname="tests.backend_test.TestExams" name="test_list_tests_hides_correct_index_for_student" time="0.108" /><testcase classname="tests.backend_test.TestExams" name="test_list_tests_teacher_sees_answers" time="0.095" /><testcase classname="tests.backend_test.TestExams" name="test_teacher_cannot_attempt" time="0.181" /><testcase classname="tests.backend_test.TestExams" name="test_student_full_flow" time="0.850"><failure message="assert 400 == 200&#10; +  where 400 = &lt;Response [400]&gt;.status_code">E   assert 400 == 200
     +  where 400 = &lt;Response [400]&gt;.status_code</failure></testcase><testcase classname="tests.backend_test.TestLiveClasses" name="test_student_list" time="0.092" /><testcase classname="tests.backend_test.TestLiveClasses" name="test_teacher_crud" time="0.305" /><testcase classname="tests.backend_test.TestLiveClasses" name="test_student_cannot_create_live_class" time="0.091" /><testcase classname="tests.backend_test.TestAssignments" name="test_full_flow" time="1.090" /><testcase classname="tests.backend_test.TestAnnouncements" name="test_list_and_crud" time="0.380" /><testcase classname="tests.backend_test.TestDashboards" name="test_student_dashboard" time="0.103" /><testcase classname="tests.backend_test.TestDashboards" name="test_teacher_dashboard" time="0.091" /><testcase classname="tests.backend_test.TestDashboards" name="test_student_cannot_access_teacher_dashboard" time="0.095" /><testcase classname="tests.test_iteration3.TestLeaderboard" name="test_leaderboard_ordering_and_my_rank" time="2.027" /><testcase classname="tests.test_iteration3.TestLeaderboard" name="test_leaderboard_no_attempts" time="0.276" /><testcase classname="tests.test_iteration3.TestLeaderboard" name="test_leaderboard_not_found" time="0.413" /><testcase classname="tests.test_iteration3.TestNotifications" name="test_enroll_notifies_student_and_teacher" time="0.860"><failure message="assert 6 &gt;= (6 + 1)">E   assert 6 &gt;= (6 + 1)</failure></testcase><testcase classname="tests.test_iteration3.TestNotifications" name="test_mark_all_read" time="0.687" /><testcase classname="tests.test_iteration3.TestNotifications" name="test_grading_notifies_student" time="0.891" /><testcase classname="tests.test_iteration3.TestNotifications" name="test_announcement_notifies_all_students" time="0.675" /><testcase classname="tests.test_iteration3.TestNotifications" name="test_notifications_require_auth" time="0.089" /><testcase classname="tests.test_iteration3.TestForgotResetPassword" name="test_forgot_password_flow_new_account" time="2.914" /><testcase classname="tests.test_iteration3.TestForgotResetPassword" name="test_reset_invalid_token" time="0.095" /><testcase classname="tests.test_iteration3.TestForgotResetPassword" name="test_forgot_password_unknown_email_still_200" time="0.095" /><testcase classname="tests.test_iteration3.TestForgotResetPassword" name="test_reset_short_password_rejected" time="0.107" /><testcase classname="tests.test_iteration3.TestBatchScopedClasses" name="test_scoped_visibility" time="0.094"><failure message="AssertionError: assert 1 &gt;= 2&#10; +  where 1 = len([{'name': 'Weekend batch', 'start_date': '2026-07-13', 'schedule': 'Sat-Sun, 10am', 'capacity': 50, ...}])">E   AssertionError: assert 1 &gt;= 2
     +  where 1 = len([{'name': 'Weekend batch', 'start_date': '2026-07-13', 'schedule': 'Sat-Sun, 10am', 'capacity': 50, ...}])</failure></testcase><testcase classname="tests.test_iteration3.TestBatchScopedClasses" name="test_scoped_class_notifies_only_scoped_students" time="0.086"><failure message="IndexError: list index out of range">E   IndexError: list index out of range</failure></testcase><testcase classname="tests.test_iteration3.TestRegression" name="test_teacher_analytics" time="0.105" /><testcase classname="tests.test_iteration3.TestRegression" name="test_login_both_roles" time="0.631" /><testcase classname="tests.test_iteration3.TestRegression" name="test_payments_demo_checkout_still_enrolls" time="0.702" /><testcase classname="tests.test_iteration4.TestAuthRename" name="test_admin_login_rgp" time="0.312" /><testcase classname="tests.test_iteration4.TestAuthRename" name="test_teacher_login_rgp" time="0.317" /><testcase classname="tests.test_iteration4.TestAuthRename" name="test_student_login_rgp" time="0.317" /><testcase classname="tests.test_iteration4.TestAuthRename" name="test_jam_email_login_gone" time="0.095" /><testcase classname="tests.test_iteration4.TestTeacherScope" name="test_teacher_courses_own_only" time="0.401" /><testcase classname="tests.test_iteration4.TestTeacherScope" name="test_teacher_tests_own_with_attempt_count" time="0.087" /><testcase classname="tests.test_iteration4.TestTeacherScope" name="test_teacher_live_classes_own_only" time="0.088" /><testcase classname="tests.test_iteration4.TestTeacherScope" name="test_teacher_assignments_own_only" time="0.092" /><testcase classname="tests.test_iteration4.TestTeacherScope" name="test_teacher_announcements_own_plus_admin" time="0.096" /><testcase classname="tests.test_iteration4.TestStudentScope" name="test_student_tests_scope" time="0.523" /><testcase classname="tests.test_iteration4.TestStudentScope" name="test_student_assignments_scope" time="0.199" /><testcase classname="tests.test_iteration4.TestStudentScope" name="test_student_live_classes_scope" time="0.195" /><testcase classname="tests.test_iteration4.TestStudentScope" name="test_student_announcements_scope" time="0.185" /><testcase classname="tests.test_iteration4.TestDeleteTestGuard" name="test_delete_test_without_attempts_ok" time="0.291" /><testcase classname="tests.test_iteration4.TestDeleteTestGuard" name="test_delete_test_with_attempts_blocked_400" time="0.482" /><testcase classname="tests.test_iteration4.TestUpdateTest" name="test_put_test_updates_fields" time="0.367" /><testcase classname="tests.test_iteration4.TestCourseLinkedFilter" name="test_live_classes_course_id_filter" time="0.181" /><testcase classname="tests.test_iteration4.TestAdminBreakdowns" name="test_admin_teachers_summary" time="0.402" /><testcase classname="tests.test_iteration4.TestAdminBreakdowns" name="test_admin_teacher_detail" time="0.189" /><testcase classname="tests.test_iteration4.TestAdminBreakdowns" name="test_admin_top_performers" time="0.107" /><testcase classname="tests.test_iteration4.TestAnnouncementCourseId" name="test_teacher_post_announcement_global" time="0.181" /><testcase classname="tests.test_iteration4.TestAnnouncementCourseId" name="test_teacher_post_announcement_course" time="0.282" /><testcase classname="tests.test_new_features.TestPayments" name="test_payments_config_demo_mode" time="0.091" /><testcase classname="tests.test_new_features.TestPayments" name="test_full_checkout_confirm_creates_enrollment" time="0.857"><failure message="AssertionError: seed should provide 2 batches per course&#10;assert 1 &gt;= 2&#10; +  where 1 = len([{'name': 'Weekend batch', 'start_date': '2026-07-13', 'schedule': 'Sat-Sun, 10am', 'capacity': 50, ...}])">E   AssertionError: seed should provide 2 batches per course
    assert 1 &gt;= 2
     +  where 1 = len([{'name': 'Weekend batch', 'start_date': '2026-07-13', 'schedule': 'Sat-Sun, 10am', 'capacity': 50, ...}])</failure></testcase><testcase classname="tests.test_new_features.TestPayments" name="test_checkout_invalid_method" time="0.412" /><testcase classname="tests.test_new_features.TestPayments" name="test_checkout_bad_course" time="0.419" /><testcase classname="tests.test_new_features.TestPayments" name="test_teacher_cannot_checkout" time="0.092" /><testcase classname="tests.test_new_features.TestBatches" name="test_teacher_batch_crud_and_ownership" time="0.185"><failure message="AssertionError: {&quot;detail&quot;:&quot;Course not found&quot;}&#10;assert 404 == 200&#10; +  where 404 = &lt;Response [404]&gt;.status_code">E   AssertionError: {"detail":"Course not found"}
    assert 404 == 200
     +  where 404 = &lt;Response [404]&gt;.status_code</failure></testcase><testcase classname="tests.test_new_features.TestBatches" name="test_batch_capacity_enforced" time="0.095"><failure message="assert 404 == 200&#10; +  where 404 = &lt;Response [404]&gt;.status_code">E   assert 404 == 200
     +  where 404 = &lt;Response [404]&gt;.status_code</failure></testcase><testcase classname="tests.test_new_features.TestFiles" name="test_upload_pdf_and_download" time="0.183" /><testcase classname="tests.test_new_features.TestFiles" name="test_upload_disallowed_extension" time="0.092" /><testcase classname="tests.test_new_features.TestFiles" name="test_upload_requires_auth" time="0.101" /><testcase classname="tests.test_new_features.TestFiles" name="test_get_file_not_found" time="0.093" /><testcase classname="tests.test_new_features.TestCourseLinkedContent" name="test_course_linked_test_visibility" time="1.391" /><testcase classname="tests.test_new_features.TestCourseLinkedContent" name="test_course_linked_assignment_visibility" time="1.083" /><testcase classname="tests.test_new_features.TestCourseLinkedContent" name="test_linked_test_bad_course_id_rejected" time="0.088" /><testcase classname="tests.test_new_features.TestCourseLinkedContent" name="test_linked_assignment_bad_course_id_rejected" time="0.090" /><testcase classname="tests.test_new_features.TestSubmissionWithFile" name="test_student_submits_with_file_teacher_sees_link" time="0.782" /></testsuite></testsuites>