<?xml version="1.0" encoding="utf-8"?><testsuites name="pytest tests"><testsuite name="pytest" errors="0" failures="0" skipped="0" tests="59" time="64.331" timestamp="2026-07-06T08:34:26.151410+00:00" hostname="agent-env-13050350-9465-4f0f-bb4e-3629f1a7fc5f"><testcase classname="tests.backend_test.TestAuth" name="test_register_student" time="0.336" /><testcase classname="tests.backend_test.TestAuth" name="test_register_teacher" time="0.512" /><testcase classname="tests.backend_test.TestCourses" name="test_list_courses_public_shape" time="0.848" /><testcase classname="tests.backend_test.TestAuth" name="test_register_duplicate" time="0.093" /><testcase classname="tests.backend_test.TestAuth" name="test_login_success" time="0.497" /><testcase classname="tests.backend_test.TestCourses" name="test_teacher_courses" time="0.593" /><testcase classname="tests.backend_test.TestAuth" name="test_login_wrong_password" time="0.370" /><testcase classname="tests.backend_test.TestCourses" name="test_student_cannot_create_course" time="0.094" /><testcase classname="tests.backend_test.TestCourses" name="test_teacher_create_course_and_sections" time="0.836" /><testcase classname="tests.backend_test.TestAuth" name="test_me_endpoint" time="0.418" /><testcase classname="tests.backend_test.TestAuth" name="test_me_unauthorized" time="0.092" /><testcase classname="tests.backend_test.TestCourses" name="test_student_enroll_progress" time="1.348" /><testcase classname="tests.test_iteration3.TestNotifications" name="test_enroll_notifies_student_and_teacher" time="1.468" /><testcase classname="tests.backend_test.TestCourses" name="test_course_students_teacher_only" time="15.495" /><testcase classname="tests.test_iteration3.TestNotifications" name="test_mark_all_read" time="15.739" /><testcase classname="tests.test_new_features.TestPayments" name="test_payments_config_demo_mode" time="0.170" /><testcase classname="tests.test_iteration3.TestNotifications" name="test_grading_notifies_student" time="1.333" /><testcase classname="tests.test_new_features.TestPayments" name="test_full_checkout_confirm_creates_enrollment" time="2.047" /><testcase classname="tests.test_iteration3.TestNotifications" name="test_announcement_notifies_all_students" time="0.895" /><testcase classname="tests.test_new_features.TestPayments" name="test_checkout_invalid_method" time="0.465" /><testcase classname="tests.test_iteration3.TestNotifications" name="test_notifications_require_auth" time="0.096" /><testcase classname="tests.backend_test.TestExams" name="test_list_tests_hides_correct_index_for_student" time="0.104" /><testcase classname="tests.test_new_features.TestPayments" name="test_checkout_bad_course" time="0.582" /><testcase classname="tests.backend_test.TestExams" name="test_list_tests_teacher_sees_answers" time="0.617" /><testcase classname="tests.test_new_features.TestPayments" name="test_teacher_cannot_checkout" time="0.095" /><testcase classname="tests.backend_test.TestExams" name="test_teacher_cannot_attempt" time="0.345" /><testcase classname="tests.test_iteration3.TestForgotResetPassword" name="test_forgot_password_flow_new_account" time="2.757" /><testcase classname="tests.backend_test.TestExams" name="test_student_full_flow" time="1.184" /><testcase classname="tests.test_new_features.TestFiles" name="test_upload_pdf_and_download" time="0.818" /><testcase classname="tests.test_new_features.TestFiles" name="test_upload_disallowed_extension" time="0.312" /><testcase classname="tests.test_new_features.TestFiles" name="test_upload_requires_auth" time="0.090" /><testcase classname="tests.test_new_features.TestFiles" name="test_get_file_not_found" time="0.087" /><testcase classname="tests.test_iteration3.TestForgotResetPassword" name="test_reset_invalid_token" time="0.139" /><testcase classname="tests.test_iteration3.TestForgotResetPassword" name="test_forgot_password_unknown_email_still_200" time="0.091" /><testcase classname="tests.test_new_features.TestCourseLinkedContent" name="test_course_linked_test_visibility" time="28.071" /><testcase classname="tests.test_iteration3.TestForgotResetPassword" name="test_reset_short_password_rejected" time="0.136" /><testcase classname="tests.backend_test.TestLiveClasses" name="test_student_list" time="0.264" /><testcase classname="tests.backend_test.TestLiveClasses" name="test_teacher_crud" time="15.533" /><testcase classname="tests.backend_test.TestLiveClasses" name="test_student_cannot_create_live_class" time="11.320" /><testcase classname="tests.backend_test.TestDashboards" name="test_student_dashboard" time="0.131" /><testcase classname="tests.backend_test.TestDashboards" name="test_teacher_dashboard" time="0.095" /><testcase classname="tests.backend_test.TestDashboards" name="test_student_cannot_access_teacher_dashboard" time="0.095" /><testcase classname="tests.test_iteration3.TestLeaderboard" name="test_leaderboard_ordering_and_my_rank" time="2.531" /><testcase classname="tests.test_new_features.TestCourseLinkedContent" name="test_course_linked_assignment_visibility" time="1.786" /><testcase classname="tests.test_new_features.TestCourseLinkedContent" name="test_linked_test_bad_course_id_rejected" time="0.131" /><testcase classname="tests.test_new_features.TestCourseLinkedContent" name="test_linked_assignment_bad_course_id_rejected" time="0.135" /><testcase classname="tests.test_iteration3.TestRegression" name="test_teacher_analytics" time="0.104" /><testcase classname="tests.test_iteration3.TestRegression" name="test_login_both_roles" time="0.674" /><testcase classname="tests.test_iteration3.TestLeaderboard" name="test_leaderboard_no_attempts" time="0.645" /><testcase classname="tests.test_iteration3.TestRegression" name="test_payments_demo_checkout_still_enrolls" time="0.927" /><testcase classname="tests.test_iteration3.TestLeaderboard" name="test_leaderboard_not_found" time="0.631" /><testcase classname="tests.test_new_features.TestBatches" name="test_teacher_batch_crud_and_ownership" time="1.289" /><testcase classname="tests.test_iteration3.TestBatchScopedClasses" name="test_scoped_visibility" time="3.152" /><testcase classname="tests.test_new_features.TestBatches" name="test_batch_capacity_enforced" time="1.582" /><testcase classname="tests.backend_test" name="test_root" time="0.093" /><testcase classname="tests.backend_test.TestAnnouncements" name="test_list_and_crud" time="0.460" /><testcase classname="tests.test_new_features.TestSubmissionWithFile" name="test_student_submits_with_file_teacher_sees_link" time="1.175" /><testcase classname="tests.test_iteration3.TestBatchScopedClasses" name="test_scoped_class_notifies_only_scoped_students" time="2.234" /><testcase classname="tests.backend_test.TestAssignments" name="test_full_flow" time="1.122" /></testsuite></testsuites>