<?xml version="1.0" encoding="utf-8"?><testsuites name="pytest tests"><testsuite name="pytest" errors="0" failures="15" skipped="0" tests="132" time="85.228" timestamp="2026-07-12T16:08:51.396199+00:00" hostname="agent-env-13050350-9465-4f0f-bb4e-3629f1a7fc5f"><testcase classname="tests.test_phase1_subtopics" name="test_migration_backfills_sub_topics" time="0.519" /><testcase classname="tests.backend_test.TestAuth" name="test_register_student" time="0.515" /><testcase classname="tests.backend_test.TestAuth" name="test_register_teacher" time="0.518" /><testcase classname="tests.test_phase1_subtopics" name="test_add_section_creates_default_sub_topic" time="0.504" /><testcase classname="tests.test_phase1_subtopics" name="test_add_section_empty_title_rejected" time="0.265" /><testcase classname="tests.backend_test.TestAuth" name="test_register_duplicate" time="0.266" /><testcase classname="tests.test_phase1_subtopics" name="test_sub_topic_crud_and_duplicate_rejected" time="0.505" /><testcase classname="tests.backend_test.TestAuth" name="test_login_success" time="0.493" /><testcase classname="tests.backend_test.TestAuth" name="test_login_wrong_password" time="0.503" /><testcase classname="tests.test_phase1_subtopics" name="test_delete_sub_topic_blocked_if_lessons_exist" time="0.500" /><testcase classname="tests.test_phase1_subtopics" name="test_reorder_sub_topics" time="0.508" /><testcase classname="tests.backend_test.TestAuth" name="test_me_endpoint" time="0.784" /><testcase classname="tests.test_phase1_subtopics" name="test_add_lesson_requires_url_or_notes" time="0.273" /><testcase classname="tests.test_phase1_subtopics" name="test_get_lesson_page_prev_next" time="0.282" /><testcase classname="tests.backend_test.TestAuth" name="test_me_unauthorized" time="0.269" /><testcase classname="tests.test_phase1_subtopics" name="test_completed_lesson_progress_accounts_for_subtopics" time="0.750" /><testcase classname="tests.test_iteration5_bugfix" name="test_settings_public_exposes_razorpay" time="0.767" /><testcase classname="tests.test_phase1_subtopics" name="test_migration_idempotent" time="0.283" /><testcase classname="tests.test_iteration5_bugfix" name="test_razorpay_create_order_returns_400_when_not_configured" time="0.552" /><testcase classname="tests.test_phase5_live_classes" name="test_reschedule_future_ok" time="0.275" /><testcase classname="tests.test_phase5_live_classes" name="test_reschedule_to_past_rejected" time="0.277" /><testcase classname="tests.test_iteration5_bugfix" name="test_razorpay_verify_returns_400_when_not_configured" time="0.271" /><testcase classname="tests.test_phase5_live_classes" name="test_reschedule_invalid_duration_rejected" time="0.496" /><testcase classname="tests.test_phase5_live_classes" name="test_set_and_remove_recording" time="0.513" /><testcase classname="tests.test_iteration5_bugfix" name="test_teacher_can_move_student_batch" time="3.620" /><testcase classname="tests.test_phase5_live_classes" name="test_attendance_idempotent_and_teacher_view" time="0.537" /><testcase classname="tests.test_phase5_live_classes" name="test_attendance_requires_enrollment_for_course_scoped_class" time="0.505" /><testcase classname="tests.test_phase5_live_classes" name="test_past_class_without_recording_shows_no_recording_url" time="0.264" /><testcase classname="tests.test_phase7_payments" name="test_paid_course_enrol_blocked_in_live_mode" time="1.288" /><testcase classname="tests.test_phase7_payments" name="test_paid_course_enrol_allowed_in_demo_mode" time="1.855" /><testcase classname="tests.test_iteration5_bugfix" name="test_move_batch_invalid_returns_error" time="0.532" /><testcase classname="tests.test_iteration5_bugfix" name="test_enrolment_triggers_admin_bcc_email" time="1.593"><failure message="AssertionError: enrol failed: {&quot;detail&quot;:&quot;Course not found&quot;}&#10;assert 404 == 200&#10; +  where 404 = &lt;Response [404]&gt;.status_code">tests/test_iteration5_bugfix.py:215: in test_enrolment_triggers_admin_bcc_email
    assert enrol.status_code == 200, f"enrol failed: {enrol.text}"
E   AssertionError: enrol failed: {"detail":"Course not found"}
E   assert 404 == 200
E    +  where 404 = &lt;Response [404]&gt;.status_code</failure></testcase><testcase classname="tests.test_phase7_payments" name="test_free_course_enrol_works_in_any_mode" time="3.288" /><testcase classname="tests.test_iteration5_bugfix" name="test_no_academy_vinodpungle_references" time="0.035" /><testcase classname="tests.backend_test.TestCourses" name="test_list_courses_public_shape" time="0.226" /><testcase classname="tests.backend_test.TestCourses" name="test_teacher_courses" time="0.742" /><testcase classname="tests.backend_test.TestCourses" name="test_student_cannot_create_course" time="0.375" /><testcase classname="tests.backend_test.TestCourses" name="test_teacher_create_course_and_sections" time="1.028"><failure message="assert 404 == 200&#10; +  where 404 = &lt;Response [404]&gt;.status_code">tests/backend_test.py:168: in test_teacher_create_course_and_sections
    assert lr.status_code == 200
E   assert 404 == 200
E    +  where 404 = &lt;Response [404]&gt;.status_code</failure></testcase><testcase classname="tests.backend_test.TestCourses" name="test_student_enroll_progress" time="1.967"><failure message="KeyError: 'lessons'">tests/backend_test.py:211: in test_student_enroll_progress
    first_lesson = cd["sections"][0]["lessons"][0]["id"]
                   ^^^^^^^^^^^^^^^^^^^^^^^^^^^^
E   KeyError: 'lessons'</failure></testcase><testcase classname="tests.test_phase7_payments" name="test_admin_settings_upi_vpa_validation" time="0.522" /><testcase classname="tests.test_phase7_payments" name="test_admin_records_partial_payment_and_grants_access" time="1.737" /><testcase classname="tests.backend_test.TestCourses" name="test_course_students_teacher_only" time="1.110" /><testcase classname="tests.test_phase7_payments" name="test_reject_overpayment_and_edit" time="2.673" /><testcase classname="tests.test_phase4_comments" name="test_student_and_teacher_can_post_and_reply" time="1.520" /><testcase classname="tests.test_phase4_comments" name="test_teacher_disable_blocks_new_comments" time="1.413" /><testcase classname="tests.test_phase7_payments" name="test_admin_grant_enrollment_without_payment" time="2.649" /><testcase classname="tests.test_phase4_comments" name="test_non_enrolled_student_denied" time="2.109" /><testcase classname="tests.test_phase4_comments" name="test_delete_own_and_teacher_can_delete_any" time="0.793" /><testcase classname="tests.test_iteration3.TestNotifications" name="test_enroll_notifies_student_and_teacher" time="2.152"><failure message="assert 404 == 200&#10; +  where 404 = &lt;Response [404]&gt;.status_code">tests/test_iteration3.py:175: in test_enroll_notifies_student_and_teacher
    assert er.status_code == 200
E   assert 404 == 200
E    +  where 404 = &lt;Response [404]&gt;.status_code</failure></testcase><testcase classname="tests.test_phase4_comments" name="test_delete_root_cascades_replies" time="0.977" /><testcase classname="tests.test_phase4_comments" name="test_recording_comments_teacher_toggle" time="0.299" /><testcase classname="tests.test_iteration3.TestNotifications" name="test_mark_all_read" time="0.702"><failure message="assert 0 &gt;= 1">tests/test_iteration3.py:194: in test_mark_all_read
    assert n["unread"] &gt;= 1
E   assert 0 &gt;= 1</failure></testcase><testcase classname="tests.test_iteration4.TestTeacherScope" name="test_teacher_courses_own_only" time="0.628" /><testcase classname="tests.test_iteration4.TestTeacherScope" name="test_teacher_tests_own_with_attempt_count" time="0.107" /><testcase classname="tests.test_iteration4.TestTeacherScope" name="test_teacher_live_classes_own_only" time="0.151" /><testcase classname="tests.test_iteration3.TestNotifications" name="test_grading_notifies_student" time="1.140" /><testcase classname="tests.test_iteration4.TestTeacherScope" name="test_teacher_assignments_own_only" time="0.112" /><testcase classname="tests.test_iteration4.TestTeacherScope" name="test_teacher_announcements_own_plus_admin" time="0.339" /><testcase classname="tests.test_new_features.TestPayments" name="test_payments_config_demo_mode" time="0.127"><failure message="assert 404 == 200&#10; +  where 404 = &lt;Response [404]&gt;.status_code">tests/test_new_features.py:83: in test_payments_config_demo_mode
    assert r.status_code == 200
E   assert 404 == 200
E    +  where 404 = &lt;Response [404]&gt;.status_code</failure></testcase><testcase classname="tests.test_new_features.TestPayments" name="test_full_checkout_confirm_creates_enrollment" time="1.061"><failure message="AssertionError: seed should provide 2 batches per course&#10;assert 0 &gt;= 2&#10; +  where 0 = len([])">tests/test_new_features.py:95: in test_full_checkout_confirm_creates_enrollment
    assert len(batches) &gt;= 2, "seed should provide 2 batches per course"
E   AssertionError: seed should provide 2 batches per course
E   assert 0 &gt;= 2
E    +  where 0 = len([])</failure></testcase><testcase classname="tests.test_iteration3.TestNotifications" name="test_announcement_notifies_all_students" time="1.375" /><testcase classname="tests.test_new_features.TestPayments" name="test_checkout_invalid_method" time="0.449"><failure message="assert 404 == 400&#10; +  where 404 = &lt;Response [404]&gt;.status_code">tests/test_new_features.py:153: in test_checkout_invalid_method
    assert r.status_code == 400
E   assert 404 == 400
E    +  where 404 = &lt;Response [404]&gt;.status_code</failure></testcase><testcase classname="tests.test_new_features.TestPayments" name="test_checkout_bad_course" time="0.449" /><testcase classname="tests.test_iteration3.TestNotifications" name="test_notifications_require_auth" time="0.096" /><testcase classname="tests.test_phase3_lesson_page" name="test_first_lesson_no_prev" time="0.269" /><testcase classname="tests.test_new_features.TestPayments" name="test_teacher_cannot_checkout" time="0.258"><failure message="assert 404 == 403&#10; +  where 404 = &lt;Response [404]&gt;.status_code">tests/test_new_features.py:164: in test_teacher_cannot_checkout
    assert r.status_code == 403
E   assert 404 == 403
E    +  where 404 = &lt;Response [404]&gt;.status_code</failure></testcase><testcase classname="tests.test_phase3_lesson_page" name="test_final_lesson_no_next" time="0.286" /><testcase classname="tests.backend_test.TestExams" name="test_list_tests_hides_correct_index_for_student" time="0.266" /><testcase classname="tests.test_phase3_lesson_page" name="test_lesson_navigation_across_sections_and_sub_topics" time="0.302" /><testcase classname="tests.backend_test.TestExams" name="test_list_tests_teacher_sees_answers" time="0.285" /><testcase classname="tests.backend_test.TestExams" name="test_teacher_cannot_attempt" time="0.803" /><testcase classname="tests.test_phase3_lesson_page" name="test_lesson_page_requires_enrollment_for_student" time="0.513" /><testcase classname="tests.test_phase3_lesson_page" name="test_single_lesson_first_and_last_at_once" time="0.269" /><testcase classname="tests.test_iteration4.TestAuthRename" name="test_admin_login_rgp" time="0.315" /><testcase classname="tests.test_iteration4.TestAuthRename" name="test_teacher_login_rgp" time="0.512" /><testcase classname="tests.backend_test.TestExams" name="test_student_full_flow" time="1.818"><failure message="assert 400 == 200&#10; +  where 400 = &lt;Response [400]&gt;.status_code">tests/backend_test.py:321: in test_student_full_flow
    assert dr.status_code == 200
E   assert 400 == 200
E    +  where 400 = &lt;Response [400]&gt;.status_code</failure></testcase><testcase classname="tests.test_iteration4.TestAuthRename" name="test_student_login_rgp" time="0.317" /><testcase classname="tests.test_iteration4.TestAuthRename" name="test_jam_email_login_gone" time="0.090" /><testcase classname="tests.test_iteration4.TestStudentScope" name="test_student_tests_scope" time="0.534" /><testcase classname="tests.test_iteration4.TestStudentScope" name="test_student_assignments_scope" time="0.379" /><testcase classname="tests.test_iteration3.TestForgotResetPassword" name="test_forgot_password_flow_new_account" time="32.617" /><testcase classname="tests.test_iteration4.TestStudentScope" name="test_student_live_classes_scope" time="0.208" /><testcase classname="tests.test_iteration4.TestStudentScope" name="test_student_announcements_scope" time="0.216" /><testcase classname="tests.test_new_features.TestFiles" name="test_upload_pdf_and_download" time="0.583" /><testcase classname="tests.test_new_features.TestFiles" name="test_upload_disallowed_extension" time="0.103" /><testcase classname="tests.test_new_features.TestFiles" name="test_upload_requires_auth" time="0.100" /><testcase classname="tests.test_new_features.TestFiles" name="test_get_file_not_found" time="15.259" /><testcase classname="tests.test_new_features.TestCourseLinkedContent" name="test_course_linked_test_visibility" time="16.957" /><testcase classname="tests.test_iteration3.TestForgotResetPassword" name="test_reset_invalid_token" time="0.092" /><testcase classname="tests.test_iteration3.TestForgotResetPassword" name="test_forgot_password_unknown_email_still_200" time="0.318" /><testcase classname="tests.test_iteration3.TestForgotResetPassword" name="test_reset_short_password_rejected" time="0.095" /><testcase classname="tests.backend_test.TestLiveClasses" name="test_student_list" time="0.145" /><testcase classname="tests.backend_test.TestLiveClasses" name="test_teacher_crud" time="0.296" /><testcase classname="tests.backend_test.TestLiveClasses" name="test_student_cannot_create_live_class" time="0.109" /><testcase classname="tests.backend_test.TestDashboards" name="test_student_dashboard" time="0.103" /><testcase classname="tests.test_new_features.TestCourseLinkedContent" name="test_course_linked_assignment_visibility" time="2.242" /><testcase classname="tests.backend_test.TestDashboards" name="test_teacher_dashboard" time="0.130" /><testcase classname="tests.backend_test.TestDashboards" name="test_student_cannot_access_teacher_dashboard" time="0.273" /><testcase classname="tests.test_iteration3.TestLeaderboard" name="test_leaderboard_ordering_and_my_rank" time="3.442" /><testcase classname="tests.test_new_features.TestCourseLinkedContent" name="test_linked_test_bad_course_id_rejected" time="0.320" /><testcase classname="tests.test_new_features.TestCourseLinkedContent" name="test_linked_assignment_bad_course_id_rejected" time="0.103" /><testcase classname="tests.test_iteration3.TestRegression" name="test_teacher_analytics" time="0.109" /><testcase classname="tests.test_iteration3.TestRegression" name="test_login_both_roles" time="0.652" /><testcase classname="tests.test_iteration3.TestRegression" name="test_payments_demo_checkout_still_enrolls" time="0.590"><failure message="assert 404 == 200&#10; +  where 404 = &lt;Response [404]&gt;.status_code">tests/test_iteration3.py:511: in test_payments_demo_checkout_still_enrolls
    assert co.status_code == 200
E   assert 404 == 200
E    +  where 404 = &lt;Response [404]&gt;.status_code</failure></testcase><testcase classname="tests.test_iteration3.TestLeaderboard" name="test_leaderboard_no_attempts" time="0.470" /><testcase classname="tests.test_iteration4.TestAdminBreakdowns" name="test_admin_teachers_summary" time="0.420" /><testcase classname="tests.test_iteration4.TestAdminBreakdowns" name="test_admin_teacher_detail" time="0.362" /><testcase classname="tests.test_iteration3.TestLeaderboard" name="test_leaderboard_not_found" time="0.531" /><testcase classname="tests.test_iteration4.TestAdminBreakdowns" name="test_admin_top_performers" time="0.109" /><testcase classname="tests.test_phase6_retakes" name="test_default_retakes_disabled" time="1.428" /><testcase classname="tests.test_phase6_retakes" name="test_retakes_enabled_allows_reattempt_and_updates_score" time="0.532" /><testcase classname="tests.test_iteration6_bugfix" name="test_move_from_batch_to_self_paced_returns_200" time="5.469" /><testcase classname="tests.test_phase6_retakes" name="test_teacher_can_flip_retakes_mid_course" time="0.541" /><testcase classname="tests.test_phase9_10_enrollment" name="test_teacher_moves_student_between_batches_and_selfpaced" time="1.549" /><testcase classname="tests.test_phase9_10_enrollment" name="test_move_to_nonexistent_batch_rejected" time="1.362" /><testcase classname="tests.test_phase9_10_enrollment" name="test_dashboard_shows_free_courses" time="1.170" /><testcase classname="tests.test_iteration6_bugfix" name="test_move_self_paced_to_self_paced_is_idempotent" time="1.825" /><testcase classname="tests.test_iteration3.TestBatchScopedClasses" name="test_scoped_visibility" time="0.121"><failure message="assert 0 &gt;= 2&#10; +  where 0 = len([])">tests/test_iteration3.py:336: in test_scoped_visibility
    assert len(br) &gt;= 2
E   assert 0 &gt;= 2
E    +  where 0 = len([])</failure></testcase><testcase classname="tests.test_iteration3.TestBatchScopedClasses" name="test_scoped_class_notifies_only_scoped_students" time="0.100"><failure message="IndexError: list index out of range">tests/test_iteration3.py:446: in test_scoped_class_notifies_only_scoped_students
    batch_a = br[0]
              ^^^^^
E   IndexError: list index out of range</failure></testcase><testcase classname="tests.test_iteration4.TestAnnouncementCourseId" name="test_teacher_post_announcement_global" time="0.602" /><testcase classname="tests.test_iteration6_bugfix" name="test_settings_public_razorpay_disabled" time="0.140" /><testcase classname="tests.test_iteration4.TestAnnouncementCourseId" name="test_teacher_post_announcement_course" time="0.497" /><testcase classname="tests.test_iteration4.TestDeleteTestGuard" name="test_delete_test_without_attempts_ok" time="0.645" /><testcase classname="tests.test_new_features.TestBatches" name="test_teacher_batch_crud_and_ownership" time="1.104" /><testcase classname="tests.test_iteration4.TestDeleteTestGuard" name="test_delete_test_with_attempts_blocked_400" time="1.180" /><testcase classname="tests.test_new_features.TestBatches" name="test_batch_capacity_enforced" time="0.683"><failure message="AssertionError: {&quot;detail&quot;:&quot;Not Found&quot;}&#10;assert 404 == 200&#10; +  where 404 = &lt;Response [404]&gt;.status_code">tests/test_new_features.py:222: in test_batch_capacity_enforced
    assert co1.status_code == 200, co1.text
E   AssertionError: {"detail":"Not Found"}
E   assert 404 == 200
E    +  where 404 = &lt;Response [404]&gt;.status_code</failure></testcase><testcase classname="tests.backend_test" name="test_root" time="0.247"><failure message="assert 'JAM' in &quot;Rohini's Academy LMS API&quot;&#10; +  where &quot;Rohini's Academy LMS API&quot; = &lt;built-in method get of dict object at 0xfff37272f9c0&gt;('message', '')&#10; +    where &lt;built-in method get of dict object at 0xfff37272f9c0&gt; = {'message': &quot;Rohini's Academy LMS API&quot;}.get&#10; +      where {'message': &quot;Rohini's Academy LMS API&quot;} = json()&#10; +        where json = &lt;Response [200]&gt;.json">tests/backend_test.py:60: in test_root
    assert "JAM" in r.json().get("message", "")
E   assert 'JAM' in "Rohini's Academy LMS API"
E    +  where "Rohini's Academy LMS API" = &lt;built-in method get of dict object at 0xfff37272f9c0&gt;('message', '')
E    +    where &lt;built-in method get of dict object at 0xfff37272f9c0&gt; = {'message': "Rohini's Academy LMS API"}.get
E    +      where {'message': "Rohini's Academy LMS API"} = json()
E    +        where json = &lt;Response [200]&gt;.json</failure></testcase><testcase classname="tests.backend_test.TestAnnouncements" name="test_list_and_crud" time="0.610" /><testcase classname="tests.backend_test.TestAssignments" name="test_full_flow" time="4.966" /><testcase classname="tests.test_iteration4.TestCourseLinkedFilter" name="test_live_classes_course_id_filter" time="0.696" /><testcase classname="tests.test_new_features.TestSubmissionWithFile" name="test_student_submits_with_file_teacher_sees_link" time="0.836" /><testcase classname="tests.test_iteration4.TestUpdateTest" name="test_put_test_updates_fields" time="0.725" /></testsuite></testsuites>