<?xml version="1.0" encoding="utf-8"?><testsuites name="pytest tests"><testsuite name="pytest" errors="0" failures="0" skipped="0" tests="16" time="7.370" timestamp="2026-07-06T07:32:12.456327+00:00" hostname="agent-env-13050350-9465-4f0f-bb4e-3629f1a7fc5f"><testcase classname="tests.test_new_features.TestPayments" name="test_payments_config_demo_mode" time="0.212" /><testcase classname="tests.test_new_features.TestFiles" name="test_upload_pdf_and_download" time="0.896" /><testcase classname="tests.test_new_features.TestPayments" name="test_full_checkout_confirm_creates_enrollment" time="2.355" /><testcase classname="tests.test_new_features.TestFiles" name="test_upload_disallowed_extension" time="0.237" /><testcase classname="tests.test_new_features.TestFiles" name="test_upload_requires_auth" time="0.092" /><testcase classname="tests.test_new_features.TestFiles" name="test_get_file_not_found" time="0.091" /><testcase classname="tests.test_new_features.TestCourseLinkedContent" name="test_course_linked_test_visibility" time="1.993" /><testcase classname="tests.test_new_features.TestPayments" name="test_checkout_invalid_method" time="0.413" /><testcase classname="tests.test_new_features.TestPayments" name="test_checkout_bad_course" time="0.506" /><testcase classname="tests.test_new_features.TestCourseLinkedContent" name="test_course_linked_assignment_visibility" time="1.293" /><testcase classname="tests.test_new_features.TestPayments" name="test_teacher_cannot_checkout" time="0.242" /><testcase classname="tests.test_new_features.TestBatches" name="test_teacher_batch_crud_and_ownership" time="1.196" /><testcase classname="tests.test_new_features.TestCourseLinkedContent" name="test_linked_test_bad_course_id_rejected" time="0.092" /><testcase classname="tests.test_new_features.TestCourseLinkedContent" name="test_linked_assignment_bad_course_id_rejected" time="0.089" /><testcase classname="tests.test_new_features.TestBatches" name="test_batch_capacity_enforced" time="1.125" /><testcase classname="tests.test_new_features.TestSubmissionWithFile" name="test_student_submits_with_file_teacher_sees_link" time="0.785" /></testsuite></testsuites>