<?xml version="1.0" encoding="utf-8"?><testsuites name="pytest tests"><testsuite name="pytest" errors="0" failures="0" skipped="0" tests="59" time="32.256" timestamp="2026-07-12T16:22:23.630430+00:00" hostname="agent-env-13050350-9465-4f0f-bb4e-3629f1a7fc5f"><testcase classname="tests.test_phase1_subtopics" name="test_migration_backfills_sub_topics" time="0.512" /><testcase classname="tests.test_phase1_subtopics" name="test_add_section_creates_default_sub_topic" time="0.500" /><testcase classname="tests.test_phase1_subtopics" name="test_add_section_empty_title_rejected" time="0.262" /><testcase classname="tests.test_phase1_subtopics" name="test_sub_topic_crud_and_duplicate_rejected" time="0.507" /><testcase classname="tests.test_iteration7_refactor_smoke" name="test_partial_payment_does_not_enrol" time="2.323" /><testcase classname="tests.test_phase1_subtopics" name="test_delete_sub_topic_blocked_if_lessons_exist" time="0.269" /><testcase classname="tests.test_phase1_subtopics" name="test_reorder_sub_topics" time="0.285" /><testcase classname="tests.test_iteration7_refactor_smoke" name="test_second_payment_completes_and_auto_enrols" time="0.622" /><testcase classname="tests.test_phase1_subtopics" name="test_add_lesson_requires_url_or_notes" time="0.273" /><testcase classname="tests.test_phase1_subtopics" name="test_get_lesson_page_prev_next" time="0.336" /><testcase classname="tests.test_phase1_subtopics" name="test_completed_lesson_progress_accounts_for_subtopics" time="0.522" /><testcase classname="tests.test_iteration7_refactor_smoke" name="test_overpayment_rejected_with_message" time="1.103" /><testcase classname="tests.test_phase1_subtopics" name="test_migration_idempotent" time="0.297" /><testcase classname="tests.test_phase5_live_classes" name="test_reschedule_future_ok" time="0.281" /><testcase classname="tests.test_phase5_live_classes" name="test_reschedule_to_past_rejected" time="0.270" /><testcase classname="tests.test_iteration7_refactor_smoke" name="test_edit_payment_up_auto_enrols" time="2.174" /><testcase classname="tests.test_phase5_live_classes" name="test_reschedule_invalid_duration_rejected" time="0.499" /><testcase classname="tests.test_phase5_live_classes" name="test_set_and_remove_recording" time="0.288" /><testcase classname="tests.test_phase5_live_classes" name="test_attendance_idempotent_and_teacher_view" time="0.608" /><testcase classname="tests.test_phase5_live_classes" name="test_attendance_requires_enrollment_for_course_scoped_class" time="0.503" /><testcase classname="tests.test_phase5_live_classes" name="test_past_class_without_recording_shows_no_recording_url" time="0.501" /><testcase classname="tests.test_phase7_payments" name="test_paid_course_enrol_blocked_in_live_mode" time="1.537" /><testcase classname="tests.test_iteration7_refactor_smoke" name="test_razorpay_create_order_400_when_env_empty" time="0.765" /><testcase classname="tests.test_iteration7_refactor_smoke" name="test_razorpay_verify_400_when_env_empty" time="0.259" /><testcase classname="tests.test_iteration7_refactor_smoke" name="test_razorpay_error_leak_removed" time="0.258" /><testcase classname="tests.test_iteration7_refactor_smoke" name="test_startup_ok_no_uuid_error" time="0.264" /><testcase classname="tests.test_phase7_payments" name="test_paid_course_enrol_allowed_in_demo_mode" time="2.088" /><testcase classname="tests.test_iteration5_bugfix" name="test_settings_public_exposes_razorpay" time="0.751" /><testcase classname="tests.test_iteration5_bugfix" name="test_razorpay_create_order_returns_400_when_not_configured" time="0.518" /><testcase classname="tests.test_iteration5_bugfix" name="test_razorpay_verify_returns_400_when_not_configured" time="0.256" /><testcase classname="tests.test_phase7_payments" name="test_free_course_enrol_works_in_any_mode" time="2.754" /><testcase classname="tests.test_iteration5_bugfix" name="test_teacher_can_move_student_batch" time="3.808" /><testcase classname="tests.test_phase7_payments" name="test_admin_settings_upi_vpa_validation" time="0.533" /><testcase classname="tests.test_iteration5_bugfix" name="test_move_batch_invalid_returns_error" time="0.532" /><testcase classname="tests.test_phase7_payments" name="test_admin_records_partial_payment_and_grants_access" time="2.060" /><testcase classname="tests.test_iteration5_bugfix" name="test_enrolment_triggers_admin_bcc_email" time="5.059" /><testcase classname="tests.test_phase7_payments" name="test_reject_overpayment_and_edit" time="1.530" /><testcase classname="tests.test_phase7_payments" name="test_admin_grant_enrollment_without_payment" time="1.409" /><testcase classname="tests.test_phase3_lesson_page" name="test_first_lesson_no_prev" time="0.729" /><testcase classname="tests.test_iteration5_bugfix" name="test_no_academy_vinodpungle_references" time="0.005" /><testcase classname="tests.test_phase4_comments" name="test_student_and_teacher_can_post_and_reply" time="0.982" /><testcase classname="tests.test_phase3_lesson_page" name="test_final_lesson_no_next" time="0.584" /><testcase classname="tests.test_phase4_comments" name="test_teacher_disable_blocks_new_comments" time="0.750" /><testcase classname="tests.test_phase3_lesson_page" name="test_lesson_navigation_across_sections_and_sub_topics" time="1.094" /><testcase classname="tests.test_phase4_comments" name="test_non_enrolled_student_denied" time="2.013" /><testcase classname="tests.test_phase3_lesson_page" name="test_lesson_page_requires_enrollment_for_student" time="1.175" /><testcase classname="tests.test_phase3_lesson_page" name="test_single_lesson_first_and_last_at_once" time="0.721" /><testcase classname="tests.test_phase4_comments" name="test_delete_own_and_teacher_can_delete_any" time="1.776" /><testcase classname="tests.test_phase6_retakes" name="test_default_retakes_disabled" time="0.812" /><testcase classname="tests.test_phase6_retakes" name="test_retakes_enabled_allows_reattempt_and_updates_score" time="0.725" /><testcase classname="tests.test_phase4_comments" name="test_delete_root_cascades_replies" time="1.548" /><testcase classname="tests.test_phase6_retakes" name="test_teacher_can_flip_retakes_mid_course" time="0.815" /><testcase classname="tests.test_phase9_10_enrollment" name="test_teacher_moves_student_between_batches_and_selfpaced" time="1.815" /><testcase classname="tests.test_phase4_comments" name="test_recording_comments_teacher_toggle" time="0.725" /><testcase classname="tests.test_phase9_10_enrollment" name="test_move_to_nonexistent_batch_rejected" time="1.822" /><testcase classname="tests.test_iteration6_bugfix" name="test_move_from_batch_to_self_paced_returns_200" time="4.220" /><testcase classname="tests.test_phase9_10_enrollment" name="test_dashboard_shows_free_courses" time="1.162" /><testcase classname="tests.test_iteration6_bugfix" name="test_move_self_paced_to_self_paced_is_idempotent" time="0.820" /><testcase classname="tests.test_iteration6_bugfix" name="test_settings_public_razorpay_disabled" time="0.105" /></testsuite></testsuites>