<?xml version="1.0" encoding="utf-8"?><testsuites name="pytest tests"><testsuite name="pytest" errors="0" failures="0" skipped="0" tests="42" time="43.445" timestamp="2026-07-06T07:33:27.601503+00:00" hostname="agent-env-13050350-9465-4f0f-bb4e-3629f1a7fc5f"><testcase classname="tests.backend_test.TestAuth" name="test_register_student" time="0.619" /><testcase classname="tests.backend_test.TestCourses" name="test_list_courses_public_shape" time="0.723" /><testcase classname="tests.backend_test.TestAuth" name="test_register_teacher" time="0.328" /><testcase classname="tests.backend_test.TestAuth" name="test_register_duplicate" time="0.105" /><testcase classname="tests.backend_test.TestAuth" name="test_login_success" time="0.327" /><testcase classname="tests.backend_test.TestAuth" name="test_login_wrong_password" time="0.310" /><testcase classname="tests.backend_test.TestAuth" name="test_me_endpoint" time="0.580" /><testcase classname="tests.backend_test.TestCourses" name="test_teacher_courses" time="3.691" /><testcase classname="tests.backend_test.TestAuth" name="test_me_unauthorized" time="0.093" /><testcase classname="tests.test_new_features.TestPayments" name="test_payments_config_demo_mode" time="0.097" /><testcase classname="tests.test_new_features.TestPayments" name="test_full_checkout_confirm_creates_enrollment" time="1.611" /><testcase classname="tests.test_new_features.TestPayments" name="test_checkout_invalid_method" time="0.439" /><testcase classname="tests.backend_test.TestCourses" name="test_student_cannot_create_course" time="0.097" /><testcase classname="tests.backend_test.TestCourses" name="test_teacher_create_course_and_sections" time="0.635" /><testcase classname="tests.test_new_features.TestPayments" name="test_checkout_bad_course" time="0.518" /><testcase classname="tests.test_new_features.TestPayments" name="test_teacher_cannot_checkout" time="0.115" /><testcase classname="tests.backend_test.TestCourses" name="test_student_enroll_progress" time="1.342" /><testcase classname="tests.backend_test.TestExams" name="test_list_tests_hides_correct_index_for_student" time="0.318" /><testcase classname="tests.backend_test.TestExams" name="test_list_tests_teacher_sees_answers" time="0.422" /><testcase classname="tests.backend_test.TestExams" name="test_teacher_cannot_attempt" time="0.190" /><testcase classname="tests.backend_test.TestExams" name="test_student_full_flow" time="1.177" /><testcase classname="tests.backend_test.TestCourses" name="test_course_students_teacher_only" time="0.326" /><testcase classname="tests.test_new_features.TestFiles" name="test_upload_pdf_and_download" time="0.604" /><testcase classname="tests.test_new_features.TestCourseLinkedContent" name="test_course_linked_test_visibility" time="1.464" /><testcase classname="tests.test_new_features.TestFiles" name="test_upload_disallowed_extension" time="0.288" /><testcase classname="tests.test_new_features.TestFiles" name="test_upload_requires_auth" time="0.098" /><testcase classname="tests.test_new_features.TestFiles" name="test_get_file_not_found" time="0.310" /><testcase classname="tests.backend_test.TestLiveClasses" name="test_student_list" time="0.099" /><testcase classname="tests.backend_test.TestLiveClasses" name="test_teacher_crud" time="0.286" /><testcase classname="tests.backend_test.TestLiveClasses" name="test_student_cannot_create_live_class" time="0.133" /><testcase classname="tests.backend_test.TestDashboards" name="test_student_dashboard" time="0.095" /><testcase classname="tests.test_new_features.TestCourseLinkedContent" name="test_course_linked_assignment_visibility" time="1.150" /><testcase classname="tests.backend_test.TestDashboards" name="test_teacher_dashboard" time="0.146" /><testcase classname="tests.backend_test.TestDashboards" name="test_student_cannot_access_teacher_dashboard" time="0.276" /><testcase classname="tests.test_new_features.TestBatches" name="test_teacher_batch_crud_and_ownership" time="1.477" /><testcase classname="tests.test_new_features.TestCourseLinkedContent" name="test_linked_test_bad_course_id_rejected" time="0.247" /><testcase classname="tests.test_new_features.TestCourseLinkedContent" name="test_linked_assignment_bad_course_id_rejected" time="0.112" /><testcase classname="tests.backend_test.TestAssignments" name="test_full_flow" time="1.421" /><testcase classname="tests.test_new_features.TestBatches" name="test_batch_capacity_enforced" time="27.423" /><testcase classname="tests.backend_test.TestAnnouncements" name="test_list_and_crud" time="30.427" /><testcase classname="tests.backend_test" name="test_root" time="0.146" /><testcase classname="tests.test_new_features.TestSubmissionWithFile" name="test_student_submits_with_file_teacher_sees_link" time="0.822" /></testsuite></testsuites>