<?xml version="1.0" encoding="utf-8"?><testsuites name="pytest tests"><testsuite name="pytest" errors="0" failures="1" skipped="0" tests="51" time="30.451" timestamp="2026-07-12T16:10:51.025302+00:00" hostname="agent-env-13050350-9465-4f0f-bb4e-3629f1a7fc5f"><testcase classname="tests.test_phase1_subtopics" name="test_migration_backfills_sub_topics" time="0.783" /><testcase classname="tests.test_phase5_live_classes" name="test_reschedule_future_ok" time="0.508" /><testcase classname="tests.test_phase5_live_classes" name="test_reschedule_to_past_rejected" time="0.503" /><testcase classname="tests.test_phase1_subtopics" name="test_add_section_creates_default_sub_topic" time="0.475" /><testcase classname="tests.test_phase5_live_classes" name="test_reschedule_invalid_duration_rejected" time="0.484" /><testcase classname="tests.test_phase1_subtopics" name="test_add_section_empty_title_rejected" time="0.483" /><testcase classname="tests.test_phase5_live_classes" name="test_set_and_remove_recording" time="0.506" /><testcase classname="tests.test_phase1_subtopics" name="test_sub_topic_crud_and_duplicate_rejected" time="0.514" /><testcase classname="tests.test_phase5_live_classes" name="test_attendance_idempotent_and_teacher_view" time="0.732" /><testcase classname="tests.test_phase1_subtopics" name="test_delete_sub_topic_blocked_if_lessons_exist" time="0.482" /><testcase classname="tests.test_phase1_subtopics" name="test_reorder_sub_topics" time="0.982" /><testcase classname="tests.test_phase5_live_classes" name="test_attendance_requires_enrollment_for_course_scoped_class" time="0.732" /><testcase classname="tests.test_phase5_live_classes" name="test_past_class_without_recording_shows_no_recording_url" time="0.491" /><testcase classname="tests.test_phase1_subtopics" name="test_add_lesson_requires_url_or_notes" time="0.485" /><testcase classname="tests.test_phase7_payments" name="test_paid_course_enrol_blocked_in_live_mode" time="1.470" /><testcase classname="tests.test_phase1_subtopics" name="test_get_lesson_page_prev_next" time="1.206" /><testcase classname="tests.test_phase1_subtopics" name="test_completed_lesson_progress_accounts_for_subtopics" time="1.182" /><testcase classname="tests.test_phase7_payments" name="test_paid_course_enrol_allowed_in_demo_mode" time="2.178" /><testcase classname="tests.test_phase1_subtopics" name="test_migration_idempotent" time="1.264" /><testcase classname="tests.test_phase7_payments" name="test_free_course_enrol_works_in_any_mode" time="3.462" /><testcase classname="tests.test_iteration5_bugfix" name="test_settings_public_exposes_razorpay" time="0.758" /><testcase classname="tests.test_iteration5_bugfix" name="test_razorpay_create_order_returns_400_when_not_configured" time="0.607" /><testcase classname="tests.test_iteration5_bugfix" name="test_razorpay_verify_returns_400_when_not_configured" time="0.268" /><testcase classname="tests.test_iteration5_bugfix" name="test_teacher_can_move_student_batch" time="4.265" /><testcase classname="tests.test_phase7_payments" name="test_admin_settings_upi_vpa_validation" time="0.524" /><testcase classname="tests.test_phase7_payments" name="test_admin_records_partial_payment_and_grants_access" time="1.618" /><testcase classname="tests.test_phase7_payments" name="test_reject_overpayment_and_edit" time="1.918" /><testcase classname="tests.test_iteration5_bugfix" name="test_move_batch_invalid_returns_error" time="0.517" /><testcase classname="tests.test_iteration5_bugfix" name="test_enrolment_triggers_admin_bcc_email" time="1.652"><failure message="AssertionError: enrol failed: {&quot;detail&quot;:&quot;Course not found&quot;}&#10;assert 404 == 200&#10; +  where 404 = &lt;Response [404]&gt;.status_code">tests/test_iteration5_bugfix.py:215: in test_enrolment_triggers_admin_bcc_email
    assert enrol.status_code == 200, f"enrol failed: {enrol.text}"
E   AssertionError: enrol failed: {"detail":"Course not found"}
E   assert 404 == 200
E    +  where 404 = &lt;Response [404]&gt;.status_code</failure></testcase><testcase classname="tests.test_phase7_payments" name="test_admin_grant_enrollment_without_payment" time="2.001" /><testcase classname="tests.test_iteration5_bugfix" name="test_no_academy_vinodpungle_references" time="0.031" /><testcase classname="tests.test_phase3_lesson_page" name="test_first_lesson_no_prev" time="0.661" /><testcase classname="tests.test_phase3_lesson_page" name="test_final_lesson_no_next" time="0.733" /><testcase classname="tests.test_phase4_comments" name="test_student_and_teacher_can_post_and_reply" time="0.762" /><testcase classname="tests.test_phase3_lesson_page" name="test_lesson_navigation_across_sections_and_sub_topics" time="0.866" /><testcase classname="tests.test_phase4_comments" name="test_teacher_disable_blocks_new_comments" time="1.086" /><testcase classname="tests.test_phase3_lesson_page" name="test_lesson_page_requires_enrollment_for_student" time="0.739" /><testcase classname="tests.test_phase4_comments" name="test_non_enrolled_student_denied" time="2.207" /><testcase classname="tests.test_phase3_lesson_page" name="test_single_lesson_first_and_last_at_once" time="1.029" /><testcase classname="tests.test_phase6_retakes" name="test_default_retakes_disabled" time="1.175" /><testcase classname="tests.test_phase6_retakes" name="test_retakes_enabled_allows_reattempt_and_updates_score" time="0.955" /><testcase classname="tests.test_phase4_comments" name="test_delete_own_and_teacher_can_delete_any" time="1.799" /><testcase classname="tests.test_phase6_retakes" name="test_teacher_can_flip_retakes_mid_course" time="0.601" /><testcase classname="tests.test_phase9_10_enrollment" name="test_teacher_moves_student_between_batches_and_selfpaced" time="2.258" /><testcase classname="tests.test_phase4_comments" name="test_delete_root_cascades_replies" time="1.347" /><testcase classname="tests.test_phase4_comments" name="test_recording_comments_teacher_toggle" time="0.910" /><testcase classname="tests.test_phase9_10_enrollment" name="test_move_to_nonexistent_batch_rejected" time="2.070" /><testcase classname="tests.test_iteration6_bugfix" name="test_move_from_batch_to_self_paced_returns_200" time="3.614" /><testcase classname="tests.test_phase9_10_enrollment" name="test_dashboard_shows_free_courses" time="1.166" /><testcase classname="tests.test_iteration6_bugfix" name="test_move_self_paced_to_self_paced_is_idempotent" time="0.822" /><testcase classname="tests.test_iteration6_bugfix" name="test_settings_public_razorpay_disabled" time="0.101" /></testsuite></testsuites>