<?xml version="1.0" encoding="utf-8"?><testsuites name="pytest tests"><testsuite name="pytest" errors="0" failures="1" skipped="0" tests="64" time="33.937" timestamp="2026-07-12T17:15:37.224780+00:00" hostname="agent-env-13050350-9465-4f0f-bb4e-3629f1a7fc5f"><testcase classname="tests.test_phase7_payments" name="test_paid_course_enrol_blocked_in_live_mode" time="5.742" /><testcase classname="tests.test_phase4_comments" name="test_student_and_teacher_can_post_and_reply" time="5.739" /><testcase classname="tests.test_phase5_live_classes" name="test_reschedule_future_ok" time="4.318" /><testcase classname="tests.test_phase1_subtopics" name="test_migration_backfills_sub_topics" time="5.378" /><testcase classname="tests.test_phase3_lesson_page" name="test_first_lesson_no_prev" time="3.940" /><testcase classname="tests.test_iteration5_bugfix" name="test_settings_public_exposes_razorpay" time="2.397" /><testcase classname="tests.test_iteration8_edit_symmetry" name="test_put_edit_up_returns_auto_granted_true_and_enrolls" time="5.745" /><testcase classname="tests.test_iteration5_bugfix" name="test_razorpay_create_order_returns_400_when_not_configured" time="1.279" /><testcase classname="tests.test_iteration7_refactor_smoke" name="test_partial_payment_does_not_enrol" time="3.932" /><testcase classname="tests.test_iteration5_bugfix" name="test_razorpay_verify_returns_400_when_not_configured" time="0.261" /><testcase classname="tests.test_iteration7_refactor_smoke" name="test_second_payment_completes_and_auto_enrols" time="1.455" /><testcase classname="tests.test_phase3_lesson_page" name="test_final_lesson_no_next" time="2.837" /><testcase classname="tests.test_phase5_live_classes" name="test_reschedule_to_past_rejected" time="1.956" /><testcase classname="tests.test_phase1_subtopics" name="test_add_section_creates_default_sub_topic" time="0.899" /><testcase classname="tests.test_iteration5_bugfix" name="test_teacher_can_move_student_batch" time="10.039" /><testcase classname="tests.test_iteration7_refactor_smoke" name="test_overpayment_rejected_with_message" time="2.079" /><testcase classname="tests.test_phase4_comments" name="test_teacher_disable_blocks_new_comments" time="4.274" /><testcase classname="tests.test_phase7_payments" name="test_paid_course_enrol_allowed_in_demo_mode" time="5.318" /><testcase classname="tests.test_iteration8_edit_symmetry" name="test_put_edit_down_on_already_paid_returns_auto_granted_false" time="3.855" /><testcase classname="tests.test_phase5_live_classes" name="test_reschedule_invalid_duration_rejected" time="2.617" /><testcase classname="tests.test_phase1_subtopics" name="test_add_section_empty_title_rejected" time="2.323" /><testcase classname="tests.test_phase3_lesson_page" name="test_lesson_navigation_across_sections_and_sub_topics" time="4.281" /><testcase classname="tests.test_iteration7_refactor_smoke" name="test_edit_payment_up_auto_enrols" time="3.022" /><testcase classname="tests.test_phase1_subtopics" name="test_sub_topic_crud_and_duplicate_rejected" time="2.180" /><testcase classname="tests.test_phase5_live_classes" name="test_set_and_remove_recording" time="3.605" /><testcase classname="tests.test_iteration8_edit_symmetry" name="test_record_overpayment_error_uses_2f_precision" time="1.429" /><testcase classname="tests.test_phase4_comments" name="test_non_enrolled_student_denied" time="6.719" /><testcase classname="tests.test_iteration7_refactor_smoke" name="test_razorpay_create_order_400_when_env_empty" time="0.527" /><testcase classname="tests.test_phase1_subtopics" name="test_delete_sub_topic_blocked_if_lessons_exist" time="3.161" /><testcase classname="tests.test_iteration7_refactor_smoke" name="test_razorpay_verify_400_when_env_empty" time="0.023" /><testcase classname="tests.test_iteration8_edit_symmetry" name="test_razorpay_create_order_overamount_uses_2f_precision" time="2.419" /><testcase classname="tests.test_phase7_payments" name="test_free_course_enrol_works_in_any_mode" time="11.218" /><testcase classname="tests.test_phase3_lesson_page" name="test_lesson_page_requires_enrollment_for_student" time="4.562" /><testcase classname="tests.test_iteration7_refactor_smoke" name="test_razorpay_error_leak_removed" time="0.697" /><testcase classname="tests.test_iteration7_refactor_smoke" name="test_startup_ok_no_uuid_error" time="0.960" /><testcase classname="tests.test_phase5_live_classes" name="test_attendance_idempotent_and_teacher_view" time="4.751" /><testcase classname="tests.test_phase9_10_enrollment" name="test_teacher_moves_student_between_batches_and_selfpaced" time="9.542" /><testcase classname="tests.test_iteration8_edit_symmetry" name="test_admin_edit_payment_no_longer_inlines_enrollment_insert" time="0.001" /><testcase classname="tests.test_phase1_subtopics" name="test_reorder_sub_topics" time="3.836" /><testcase classname="tests.test_iteration5_bugfix" name="test_move_batch_invalid_returns_error" time="2.251" /><testcase classname="tests.test_iteration6_bugfix" name="test_move_from_batch_to_self_paced_returns_200" time="7.696" /><testcase classname="tests.test_phase3_lesson_page" name="test_single_lesson_first_and_last_at_once" time="2.128" /><testcase classname="tests.test_iteration5_bugfix" name="test_enrolment_triggers_admin_bcc_email" time="6.404" /><testcase classname="tests.test_phase4_comments" name="test_delete_own_and_teacher_can_delete_any" time="5.283" /><testcase classname="tests.test_phase5_live_classes" name="test_attendance_requires_enrollment_for_course_scoped_class" time="3.174" /><testcase classname="tests.test_phase6_retakes" name="test_default_retakes_disabled" time="2.903" /><testcase classname="tests.test_phase1_subtopics" name="test_add_lesson_requires_url_or_notes" time="2.649" /><testcase classname="tests.test_phase5_live_classes" name="test_past_class_without_recording_shows_no_recording_url" time="1.561" /><testcase classname="tests.test_phase1_subtopics" name="test_get_lesson_page_prev_next" time="2.348" /><testcase classname="tests.test_phase6_retakes" name="test_retakes_enabled_allows_reattempt_and_updates_score" time="1.603" /><testcase classname="tests.test_iteration6_bugfix" name="test_move_self_paced_to_self_paced_is_idempotent" time="3.899" /><testcase classname="tests.test_phase4_comments" name="test_delete_root_cascades_replies" time="4.766" /><testcase classname="tests.test_phase6_retakes" name="test_teacher_can_flip_retakes_mid_course" time="3.526" /><testcase classname="tests.test_phase7_payments" name="test_admin_settings_upi_vpa_validation" time="2.464" /><testcase classname="tests.test_phase9_10_enrollment" name="test_move_to_nonexistent_batch_rejected" time="4.513"><failure message="requests.exceptions.HTTPError: 402 Client Error: Payment Required for url: http://localhost:8001/api/courses/2cefc6a3-9772-41cc-902c-965c8b5ad253/enroll">E   requests.exceptions.HTTPError: 402 Client Error: Payment Required for url: http://localhost:8001/api/courses/2cefc6a3-9772-41cc-902c-965c8b5ad253/enroll</failure></testcase><testcase classname="tests.test_iteration5_bugfix" name="test_no_academy_vinodpungle_references" time="0.005" /><testcase classname="tests.test_phase1_subtopics" name="test_completed_lesson_progress_accounts_for_subtopics" time="2.528" /><testcase classname="tests.test_phase7_payments" name="test_admin_records_partial_payment_and_grants_access" time="3.393" /><testcase classname="tests.test_iteration6_bugfix" name="test_settings_public_razorpay_disabled" time="0.234" /><testcase classname="tests.test_phase1_subtopics" name="test_migration_idempotent" time="2.329" /><testcase classname="tests.test_phase9_10_enrollment" name="test_dashboard_shows_free_courses" time="2.857" /><testcase classname="tests.test_phase4_comments" name="test_recording_comments_teacher_toggle" time="1.339" /><testcase classname="tests.test_phase7_payments" name="test_reject_overpayment_and_edit" time="1.906" /><testcase classname="tests.test_phase7_payments" name="test_admin_grant_enrollment_without_payment" time="1.399" /></testsuite></testsuites>