<?xml version="1.0" encoding="utf-8"?><testsuites name="pytest tests"><testsuite name="pytest" errors="0" failures="1" skipped="0" tests="64" time="33.871" timestamp="2026-07-12T17:13:54.697546+00:00" hostname="agent-env-13050350-9465-4f0f-bb4e-3629f1a7fc5f"><testcase classname="tests.test_phase1_subtopics" name="test_migration_backfills_sub_topics" time="5.405" /><testcase classname="tests.test_phase3_lesson_page" name="test_first_lesson_no_prev" time="4.194" /><testcase classname="tests.test_phase4_comments" name="test_student_and_teacher_can_post_and_reply" time="5.403" /><testcase classname="tests.test_phase7_payments" name="test_paid_course_enrol_blocked_in_live_mode" time="5.442" /><testcase classname="tests.test_phase5_live_classes" name="test_reschedule_future_ok" time="4.522" /><testcase classname="tests.test_iteration5_bugfix" name="test_settings_public_exposes_razorpay" time="2.392" /><testcase classname="tests.test_iteration8_edit_symmetry" name="test_put_edit_up_returns_auto_granted_true_and_enrolls" time="5.445" /><testcase classname="tests.test_iteration5_bugfix" name="test_razorpay_create_order_returns_400_when_not_configured" time="0.777" /><testcase classname="tests.test_iteration7_refactor_smoke" name="test_partial_payment_does_not_enrol" time="3.922" /><testcase classname="tests.test_iteration5_bugfix" name="test_razorpay_verify_returns_400_when_not_configured" time="0.494" /><testcase classname="tests.test_iteration7_refactor_smoke" name="test_second_payment_completes_and_auto_enrols" time="1.427" /><testcase classname="tests.test_phase3_lesson_page" name="test_final_lesson_no_next" time="2.542" /><testcase classname="tests.test_phase5_live_classes" name="test_reschedule_to_past_rejected" time="1.482" /><testcase classname="tests.test_iteration5_bugfix" name="test_teacher_can_move_student_batch" time="11.249" /><testcase classname="tests.test_iteration7_refactor_smoke" name="test_overpayment_rejected_with_message" time="1.394" /><testcase classname="tests.test_phase4_comments" name="test_teacher_disable_blocks_new_comments" time="4.811" /><testcase classname="tests.test_phase1_subtopics" name="test_add_section_creates_default_sub_topic" time="1.806" /><testcase classname="tests.test_phase7_payments" name="test_paid_course_enrol_allowed_in_demo_mode" time="5.353" /><testcase classname="tests.test_iteration8_edit_symmetry" name="test_put_edit_down_on_already_paid_returns_auto_granted_false" time="4.147" /><testcase classname="tests.test_phase5_live_classes" name="test_reschedule_invalid_duration_rejected" time="2.589" /><testcase classname="tests.test_phase3_lesson_page" name="test_lesson_navigation_across_sections_and_sub_topics" time="4.057" /><testcase classname="tests.test_iteration7_refactor_smoke" name="test_edit_payment_up_auto_enrols" time="3.265" /><testcase classname="tests.test_phase1_subtopics" name="test_add_section_empty_title_rejected" time="1.881" /><testcase classname="tests.test_phase5_live_classes" name="test_set_and_remove_recording" time="3.186" /><testcase classname="tests.test_phase1_subtopics" name="test_sub_topic_crud_and_duplicate_rejected" time="2.188" /><testcase classname="tests.test_iteration8_edit_symmetry" name="test_record_overpayment_error_uses_2f_precision" time="1.160" /><testcase classname="tests.test_phase4_comments" name="test_non_enrolled_student_denied" time="6.643" /><testcase classname="tests.test_iteration7_refactor_smoke" name="test_razorpay_create_order_400_when_env_empty" time="0.754" /><testcase classname="tests.test_iteration7_refactor_smoke" name="test_razorpay_verify_400_when_env_empty" time="0.005" /><testcase classname="tests.test_iteration7_refactor_smoke" name="test_razorpay_error_leak_removed" time="0.024" /><testcase classname="tests.test_iteration7_refactor_smoke" name="test_startup_ok_no_uuid_error" time="0.517" /><testcase classname="tests.test_phase3_lesson_page" name="test_lesson_page_requires_enrollment_for_student" time="4.362" /><testcase classname="tests.test_phase7_payments" name="test_free_course_enrol_works_in_any_mode" time="11.567" /><testcase classname="tests.test_iteration8_edit_symmetry" name="test_razorpay_create_order_overamount_uses_2f_precision" time="3.375" /><testcase classname="tests.test_phase1_subtopics" name="test_delete_sub_topic_blocked_if_lessons_exist" time="3.849" /><testcase classname="tests.test_phase5_live_classes" name="test_attendance_idempotent_and_teacher_view" time="4.848" /><testcase classname="tests.test_iteration6_bugfix" name="test_move_from_batch_to_self_paced_returns_200" time="8.890" /><testcase classname="tests.test_iteration8_edit_symmetry" name="test_admin_edit_payment_no_longer_inlines_enrollment_insert" time="0.001" /><testcase classname="tests.test_phase9_10_enrollment" name="test_teacher_moves_student_between_batches_and_selfpaced" time="8.899" /><testcase classname="tests.test_iteration5_bugfix" name="test_move_batch_invalid_returns_error" time="1.126" /><testcase classname="tests.test_phase3_lesson_page" name="test_single_lesson_first_and_last_at_once" time="1.735" /><testcase classname="tests.test_phase1_subtopics" name="test_reorder_sub_topics" time="3.440" /><testcase classname="tests.test_iteration5_bugfix" name="test_enrolment_triggers_admin_bcc_email" time="7.202" /><testcase classname="tests.test_phase5_live_classes" name="test_attendance_requires_enrollment_for_course_scoped_class" time="3.565" /><testcase classname="tests.test_phase4_comments" name="test_delete_own_and_teacher_can_delete_any" time="5.479" /><testcase classname="tests.test_phase6_retakes" name="test_default_retakes_disabled" time="3.311" /><testcase classname="tests.test_phase1_subtopics" name="test_add_lesson_requires_url_or_notes" time="2.333" /><testcase classname="tests.test_iteration6_bugfix" name="test_move_self_paced_to_self_paced_is_idempotent" time="2.873" /><testcase classname="tests.test_phase5_live_classes" name="test_past_class_without_recording_shows_no_recording_url" time="1.556" /><testcase classname="tests.test_phase6_retakes" name="test_retakes_enabled_allows_reattempt_and_updates_score" time="1.909" /><testcase classname="tests.test_phase1_subtopics" name="test_get_lesson_page_prev_next" time="2.153" /><testcase classname="tests.test_phase6_retakes" name="test_teacher_can_flip_retakes_mid_course" time="3.439" /><testcase classname="tests.test_phase7_payments" name="test_admin_settings_upi_vpa_validation" time="1.927" /><testcase classname="tests.test_phase4_comments" name="test_delete_root_cascades_replies" time="4.435" /><testcase classname="tests.test_phase9_10_enrollment" name="test_move_to_nonexistent_batch_rejected" time="3.727"><failure message="requests.exceptions.HTTPError: 402 Client Error: Payment Required for url: http://localhost:8001/api/courses/d65e3e51-b818-40e3-9148-7a4b8bc095cc/enroll">tests/test_phase9_10_enrollment.py:71: in test_move_to_nonexistent_batch_rejected
    requests.post(f"{API}/courses/{course['id']}/enroll", headers=_hdr(st_token), json={}).raise_for_status()
/root/.venv/lib/python3.11/site-packages/requests/models.py:1167: in raise_for_status
    raise HTTPError(http_error_msg, response=self)
E   requests.exceptions.HTTPError: 402 Client Error: Payment Required for url: http://localhost:8001/api/courses/d65e3e51-b818-40e3-9148-7a4b8bc095cc/enroll</failure></testcase><testcase classname="tests.test_iteration6_bugfix" name="test_settings_public_razorpay_disabled" time="0.019" /><testcase classname="tests.test_phase1_subtopics" name="test_completed_lesson_progress_accounts_for_subtopics" time="2.464" /><testcase classname="tests.test_iteration5_bugfix" name="test_no_academy_vinodpungle_references" time="0.005" /><testcase classname="tests.test_phase7_payments" name="test_admin_records_partial_payment_and_grants_access" time="3.850" /><testcase classname="tests.test_phase1_subtopics" name="test_migration_idempotent" time="2.331" /><testcase classname="tests.test_phase4_comments" name="test_recording_comments_teacher_toggle" time="1.580" /><testcase classname="tests.test_phase9_10_enrollment" name="test_dashboard_shows_free_courses" time="2.794" /><testcase classname="tests.test_phase7_payments" name="test_reject_overpayment_and_edit" time="1.893" /><testcase classname="tests.test_phase7_payments" name="test_admin_grant_enrollment_without_payment" time="1.406" /></testsuite></testsuites>