<?xml version="1.0" encoding="utf-8"?><testsuites name="pytest tests"><testsuite name="pytest" errors="0" failures="0" skipped="0" tests="26" time="6.782" timestamp="2026-07-06T07:12:49.718186+00:00" hostname="agent-env-13050350-9465-4f0f-bb4e-3629f1a7fc5f"><testcase classname="tests.backend_test.TestAuth" name="test_register_student" time="0.678" /><testcase classname="tests.backend_test.TestCourses" name="test_list_courses_public_shape" time="0.678" /><testcase classname="tests.backend_test.TestAuth" name="test_register_teacher" time="0.321" /><testcase classname="tests.backend_test.TestAuth" name="test_register_duplicate" time="0.248" /><testcase classname="tests.backend_test.TestCourses" name="test_teacher_courses" time="0.925" /><testcase classname="tests.backend_test.TestAuth" name="test_login_success" time="0.352" /><testcase classname="tests.backend_test.TestAuth" name="test_login_wrong_password" time="0.316" /><testcase classname="tests.backend_test.TestCourses" name="test_student_cannot_create_course" time="0.316" /><testcase classname="tests.backend_test.TestCourses" name="test_teacher_create_course_and_sections" time="0.933" /><testcase classname="tests.backend_test.TestAuth" name="test_me_endpoint" time="0.417" /><testcase classname="tests.backend_test.TestAuth" name="test_me_unauthorized" time="0.099" /><testcase classname="tests.backend_test.TestExams" name="test_list_tests_hides_correct_index_for_student" time="0.097" /><testcase classname="tests.backend_test.TestCourses" name="test_student_enroll_progress" time="1.175" /><testcase classname="tests.backend_test.TestExams" name="test_list_tests_teacher_sees_answers" time="0.643" /><testcase classname="tests.backend_test.TestExams" name="test_teacher_cannot_attempt" time="0.242" /><testcase classname="tests.backend_test.TestExams" name="test_student_full_flow" time="1.027" /><testcase classname="tests.backend_test.TestCourses" name="test_course_students_teacher_only" time="0.341" /><testcase classname="tests.backend_test.TestLiveClasses" name="test_student_list" time="0.133" /><testcase classname="tests.backend_test.TestDashboards" name="test_student_dashboard" time="0.095" /><testcase classname="tests.backend_test.TestLiveClasses" name="test_teacher_crud" time="0.282" /><testcase classname="tests.backend_test.TestDashboards" name="test_teacher_dashboard" time="0.097" /><testcase classname="tests.backend_test.TestDashboards" name="test_student_cannot_access_teacher_dashboard" time="0.095" /><testcase classname="tests.backend_test.TestAssignments" name="test_full_flow" time="1.118" /><testcase classname="tests.backend_test.TestLiveClasses" name="test_student_cannot_create_live_class" time="0.095" /><testcase classname="tests.backend_test" name="test_root" time="0.262" /><testcase classname="tests.backend_test.TestAnnouncements" name="test_list_and_crud" time="0.373" /></testsuite></testsuites>