<?xml version="1.0" encoding="utf-8"?><testsuites name="pytest tests"><testsuite name="pytest" errors="0" failures="0" skipped="0" tests="64" time="34.381" timestamp="2026-07-12T17:22:54.884867+00:00" hostname="agent-env-13050350-9465-4f0f-bb4e-3629f1a7fc5f"><testcase classname="tests.test_phase3_lesson_page" name="test_first_lesson_no_prev" time="3.973" /><testcase classname="tests.test_phase1_subtopics" name="test_migration_backfills_sub_topics" time="5.466" /><testcase classname="tests.test_phase7_payments" name="test_paid_course_enrol_blocked_in_live_mode" time="5.473" /><testcase classname="tests.test_phase4_comments" name="test_student_and_teacher_can_post_and_reply" time="5.464" /><testcase classname="tests.test_phase5_live_classes" name="test_reschedule_future_ok" time="4.334" /><testcase classname="tests.test_iteration5_bugfix" name="test_settings_public_exposes_razorpay" time="2.368" /><testcase classname="tests.test_iteration8_edit_symmetry" name="test_put_edit_up_returns_auto_granted_true_and_enrolls" time="6.040" /><testcase classname="tests.test_iteration5_bugfix" name="test_razorpay_create_order_returns_400_when_not_configured" time="1.276" /><testcase classname="tests.test_iteration7_refactor_smoke" name="test_partial_payment_does_not_enrol" time="3.903" /><testcase classname="tests.test_iteration5_bugfix" name="test_razorpay_verify_returns_400_when_not_configured" time="0.272" /><testcase classname="tests.test_iteration7_refactor_smoke" name="test_second_payment_completes_and_auto_enrols" time="1.499" /><testcase classname="tests.test_phase3_lesson_page" name="test_final_lesson_no_next" time="3.069" /><testcase classname="tests.test_phase5_live_classes" name="test_reschedule_to_past_rejected" time="1.957" /><testcase classname="tests.test_iteration5_bugfix" name="test_teacher_can_move_student_batch" time="11.450" /><testcase classname="tests.test_iteration7_refactor_smoke" name="test_overpayment_rejected_with_message" time="1.389" /><testcase classname="tests.test_phase4_comments" name="test_teacher_disable_blocks_new_comments" time="4.316" /><testcase classname="tests.test_phase1_subtopics" name="test_add_section_creates_default_sub_topic" time="1.577" /><testcase classname="tests.test_phase7_payments" name="test_paid_course_enrol_allowed_in_demo_mode" time="5.955" /><testcase classname="tests.test_iteration8_edit_symmetry" name="test_put_edit_down_on_already_paid_returns_auto_granted_false" time="3.728" /><testcase classname="tests.test_phase5_live_classes" name="test_reschedule_invalid_duration_rejected" time="2.474" /><testcase classname="tests.test_iteration7_refactor_smoke" name="test_edit_payment_up_auto_enrols" time="3.852" /><testcase classname="tests.test_phase3_lesson_page" name="test_lesson_navigation_across_sections_and_sub_topics" time="4.676" /><testcase classname="tests.test_phase1_subtopics" name="test_add_section_empty_title_rejected" time="1.626" /><testcase classname="tests.test_phase1_subtopics" name="test_sub_topic_crud_and_duplicate_rejected" time="2.798" /><testcase classname="tests.test_phase5_live_classes" name="test_set_and_remove_recording" time="3.671" /><testcase classname="tests.test_iteration8_edit_symmetry" name="test_record_overpayment_error_uses_2f_precision" time="1.691" /><testcase classname="tests.test_phase4_comments" name="test_non_enrolled_student_denied" time="6.088" /><testcase classname="tests.test_iteration7_refactor_smoke" name="test_razorpay_create_order_400_when_env_empty" time="0.288" /><testcase classname="tests.test_iteration7_refactor_smoke" name="test_razorpay_verify_400_when_env_empty" time="0.282" /><testcase classname="tests.test_iteration7_refactor_smoke" name="test_razorpay_error_leak_removed" time="0.242" /><testcase classname="tests.test_iteration8_edit_symmetry" name="test_razorpay_create_order_overamount_uses_2f_precision" time="2.642" /><testcase classname="tests.test_phase7_payments" name="test_free_course_enrol_works_in_any_mode" time="11.301" /><testcase classname="tests.test_iteration7_refactor_smoke" name="test_startup_ok_no_uuid_error" time="0.970" /><testcase classname="tests.test_phase1_subtopics" name="test_delete_sub_topic_blocked_if_lessons_exist" time="3.633" /><testcase classname="tests.test_phase3_lesson_page" name="test_lesson_page_requires_enrollment_for_student" time="4.129" /><testcase classname="tests.test_phase5_live_classes" name="test_attendance_idempotent_and_teacher_view" time="4.533" /><testcase classname="tests.test_iteration8_edit_symmetry" name="test_admin_edit_payment_no_longer_inlines_enrollment_insert" time="0.005" /><testcase classname="tests.test_phase6_retakes" name="test_default_retakes_disabled" time="2.866" /><testcase classname="tests.test_iteration6_bugfix" name="test_move_from_batch_to_self_paced_returns_200" time="8.547" /><testcase classname="tests.test_phase1_subtopics" name="test_reorder_sub_topics" time="3.694" /><testcase classname="tests.test_iteration5_bugfix" name="test_move_batch_invalid_returns_error" time="1.646" /><testcase classname="tests.test_phase3_lesson_page" name="test_single_lesson_first_and_last_at_once" time="2.452" /><testcase classname="tests.test_phase4_comments" name="test_delete_own_and_teacher_can_delete_any" time="6.585" /><testcase classname="tests.test_phase5_live_classes" name="test_attendance_requires_enrollment_for_course_scoped_class" time="4.011" /><testcase classname="tests.test_phase6_retakes" name="test_retakes_enabled_allows_reattempt_and_updates_score" time="3.056" /><testcase classname="tests.test_iteration5_bugfix" name="test_enrolment_triggers_admin_bcc_email" time="6.058" /><testcase classname="tests.test_phase9_10_enrollment" name="test_teacher_moves_student_between_batches_and_selfpaced" time="6.853" /><testcase classname="tests.test_phase1_subtopics" name="test_add_lesson_requires_url_or_notes" time="2.432" /><testcase classname="tests.test_phase6_retakes" name="test_teacher_can_flip_retakes_mid_course" time="2.687" /><testcase classname="tests.test_phase5_live_classes" name="test_past_class_without_recording_shows_no_recording_url" time="1.728" /><testcase classname="tests.test_iteration6_bugfix" name="test_move_self_paced_to_self_paced_is_idempotent" time="2.396" /><testcase classname="tests.test_phase1_subtopics" name="test_get_lesson_page_prev_next" time="1.914" /><testcase classname="tests.test_phase4_comments" name="test_delete_root_cascades_replies" time="4.349" /><testcase classname="tests.test_phase7_payments" name="test_admin_settings_upi_vpa_validation" time="1.428" /><testcase classname="tests.test_iteration5_bugfix" name="test_no_academy_vinodpungle_references" time="0.005" /><testcase classname="tests.test_phase1_subtopics" name="test_completed_lesson_progress_accounts_for_subtopics" time="1.532" /><testcase classname="tests.test_iteration6_bugfix" name="test_settings_public_razorpay_disabled" time="0.240" /><testcase classname="tests.test_phase7_payments" name="test_admin_records_partial_payment_and_grants_access" time="3.586" /><testcase classname="tests.test_phase1_subtopics" name="test_migration_idempotent" time="2.498" /><testcase classname="tests.test_phase9_10_enrollment" name="test_move_to_nonexistent_batch_rejected" time="2.620" /><testcase classname="tests.test_phase4_comments" name="test_recording_comments_teacher_toggle" time="0.968" /><testcase classname="tests.test_phase7_payments" name="test_reject_overpayment_and_edit" time="2.693" /><testcase classname="tests.test_phase9_10_enrollment" name="test_dashboard_shows_free_courses" time="2.683" /><testcase classname="tests.test_phase7_payments" name="test_admin_grant_enrollment_without_payment" time="1.419" /></testsuite></testsuites>