<?xml version="1.0" encoding="utf-8"?><testsuites name="pytest tests"><testsuite name="pytest" errors="0" failures="1" skipped="0" tests="64" time="33.621" timestamp="2026-07-12T17:23:29.499062+00:00" hostname="agent-env-13050350-9465-4f0f-bb4e-3629f1a7fc5f"><testcase classname="tests.test_phase1_subtopics" name="test_migration_backfills_sub_topics" time="5.823" /><testcase classname="tests.test_phase4_comments" name="test_student_and_teacher_can_post_and_reply" time="5.426" /><testcase classname="tests.test_phase7_payments" name="test_paid_course_enrol_blocked_in_live_mode" time="5.479" /><testcase classname="tests.test_phase3_lesson_page" name="test_first_lesson_no_prev" time="4.179" /><testcase classname="tests.test_phase5_live_classes" name="test_reschedule_future_ok" time="4.860" /><testcase classname="tests.test_iteration5_bugfix" name="test_settings_public_exposes_razorpay" time="2.374" /><testcase classname="tests.test_iteration8_edit_symmetry" name="test_put_edit_up_returns_auto_granted_true_and_enrolls" time="5.822" /><testcase classname="tests.test_iteration5_bugfix" name="test_razorpay_create_order_returns_400_when_not_configured" time="1.032" /><testcase classname="tests.test_iteration7_refactor_smoke" name="test_partial_payment_does_not_enrol" time="3.920" /><testcase classname="tests.test_iteration5_bugfix" name="test_razorpay_verify_returns_400_when_not_configured" time="0.266" /><testcase classname="tests.test_iteration7_refactor_smoke" name="test_second_payment_completes_and_auto_enrols" time="1.447" /><testcase classname="tests.test_phase3_lesson_page" name="test_final_lesson_no_next" time="2.393" /><testcase classname="tests.test_phase5_live_classes" name="test_reschedule_to_past_rejected" time="1.438" /><testcase classname="tests.test_iteration5_bugfix" name="test_teacher_can_move_student_batch" time="10.497" /><testcase classname="tests.test_iteration7_refactor_smoke" name="test_overpayment_rejected_with_message" time="1.688" /><testcase classname="tests.test_phase4_comments" name="test_teacher_disable_blocks_new_comments" time="4.503" /><testcase classname="tests.test_phase7_payments" name="test_paid_course_enrol_allowed_in_demo_mode" time="5.992" /><testcase classname="tests.test_iteration8_edit_symmetry" name="test_put_edit_down_on_already_paid_returns_auto_granted_false" time="3.626" /><testcase classname="tests.test_phase1_subtopics" name="test_add_section_creates_default_sub_topic" time="1.749" /><testcase classname="tests.test_phase5_live_classes" name="test_reschedule_invalid_duration_rejected" time="2.422" /><testcase classname="tests.test_phase3_lesson_page" name="test_lesson_navigation_across_sections_and_sub_topics" time="4.687" /><testcase classname="tests.test_iteration7_refactor_smoke" name="test_edit_payment_up_auto_enrols" time="3.142" /><testcase classname="tests.test_phase1_subtopics" name="test_add_section_empty_title_rejected" time="1.153" /><testcase classname="tests.test_phase5_live_classes" name="test_set_and_remove_recording" time="4.662" /><testcase classname="tests.test_phase1_subtopics" name="test_sub_topic_crud_and_duplicate_rejected" time="3.957" /><testcase classname="tests.test_iteration8_edit_symmetry" name="test_record_overpayment_error_uses_2f_precision" time="1.811" /><testcase classname="tests.test_phase4_comments" name="test_non_enrolled_student_denied" time="6.195" /><testcase classname="tests.test_iteration7_refactor_smoke" name="test_razorpay_create_order_400_when_env_empty" time="0.744" /><testcase classname="tests.test_iteration7_refactor_smoke" name="test_razorpay_verify_400_when_env_empty" time="0.028" /><testcase classname="tests.test_iteration7_refactor_smoke" name="test_razorpay_error_leak_removed" time="0.007" /><testcase classname="tests.test_iteration7_refactor_smoke" name="test_startup_ok_no_uuid_error" time="0.516" /><testcase classname="tests.test_phase3_lesson_page" name="test_lesson_page_requires_enrollment_for_student" time="4.100" /><testcase classname="tests.test_iteration8_edit_symmetry" name="test_razorpay_create_order_overamount_uses_2f_precision" time="2.862" /><testcase classname="tests.test_phase7_payments" name="test_free_course_enrol_works_in_any_mode" time="10.763" /><testcase classname="tests.test_phase1_subtopics" name="test_delete_sub_topic_blocked_if_lessons_exist" time="3.180" /><testcase classname="tests.test_phase5_live_classes" name="test_attendance_idempotent_and_teacher_view" time="4.081" /><testcase classname="tests.test_iteration6_bugfix" name="test_move_from_batch_to_self_paced_returns_200" time="8.203" /><testcase classname="tests.test_iteration8_edit_symmetry" name="test_admin_edit_payment_no_longer_inlines_enrollment_insert" time="0.001" /><testcase classname="tests.test_phase9_10_enrollment" name="test_teacher_moves_student_between_batches_and_selfpaced" time="8.400" /><testcase classname="tests.test_iteration5_bugfix" name="test_move_batch_invalid_returns_error" time="1.955" /><testcase classname="tests.test_phase3_lesson_page" name="test_single_lesson_first_and_last_at_once" time="2.113" /><testcase classname="tests.test_phase1_subtopics" name="test_reorder_sub_topics" time="3.110" /><testcase classname="tests.test_phase4_comments" name="test_delete_own_and_teacher_can_delete_any" time="5.360" /><testcase classname="tests.test_iteration5_bugfix" name="test_enrolment_triggers_admin_bcc_email" time="5.869"><failure message="AssertionError: Expected student email test_bcc_d7f50b75@example.com in backend logs — not found&#10;assert 'test_bcc_d7f50b75@example.com' in '9876543210 text=*rohini\'s academy*\n\n*new live class scheduled*\ntest_p5 2f862\n2026-07-12 17:22:03,860 - notify - ....0.1:39276 - &quot;post /api/courses http/1.1&quot; 200 ok\ninfo:     127.0.0.1:39264 - &quot;get /api/admin/users http/1.1&quot; 200 ok\n'&#10; +  where '9876543210 text=*rohini\'s academy*\n\n*new live class scheduled*\ntest_p5 2f862\n2026-07-12 17:22:03,860 - notify - ....0.1:39276 - &quot;post /api/courses http/1.1&quot; 200 ok\ninfo:     127.0.0.1:39264 - &quot;get /api/admin/users http/1.1&quot; 200 ok\n' = &lt;built-in method lower of str object at 0xac30a2da3d20&gt;()&#10; +    where &lt;built-in method lower of str object at 0xac30a2da3d20&gt; = '9876543210 text=*Rohini\'s Academy*\n\n*New live class scheduled*\nTEST_P5 2f862\n2026-07-12 17:22:03,860 - notify - ....0.1:39276 - &quot;POST /api/courses HTTP/1.1&quot; 200 OK\nINFO:     127.0.0.1:39264 - &quot;GET /api/admin/users HTTP/1.1&quot; 200 OK\n'.lower">tests/test_iteration5_bugfix.py:239: in test_enrolment_triggers_admin_bcc_email
    assert student_email in log_text.lower(), (
E   AssertionError: Expected student email test_bcc_d7f50b75@example.com in backend logs — not found
E   assert 'test_bcc_d7f50b75@example.com' in '9876543210 text=*rohini\'s academy*\n\n*new live class scheduled*\ntest_p5 2f862\n2026-07-12 17:22:03,860 - notify - ....0.1:39276 - "post /api/courses http/1.1" 200 ok\ninfo:     127.0.0.1:39264 - "get /api/admin/users http/1.1" 200 ok\n'
E    +  where '9876543210 text=*rohini\'s academy*\n\n*new live class scheduled*\ntest_p5 2f862\n2026-07-12 17:22:03,860 - notify - ....0.1:39276 - "post /api/courses http/1.1" 200 ok\ninfo:     127.0.0.1:39264 - "get /api/admin/users http/1.1" 200 ok\n' = &lt;built-in method lower of str object at 0xac30a2da3d20&gt;()
E    +    where &lt;built-in method lower of str object at 0xac30a2da3d20&gt; = '9876543210 text=*Rohini\'s Academy*\n\n*New live class scheduled*\nTEST_P5 2f862\n2026-07-12 17:22:03,860 - notify - ....0.1:39276 - "POST /api/courses HTTP/1.1" 200 OK\nINFO:     127.0.0.1:39264 - "GET /api/admin/users HTTP/1.1" 200 OK\n'.lower</failure></testcase><testcase classname="tests.test_phase5_live_classes" name="test_attendance_requires_enrollment_for_course_scoped_class" time="2.494" /><testcase classname="tests.test_phase6_retakes" name="test_default_retakes_disabled" time="2.485" /><testcase classname="tests.test_phase1_subtopics" name="test_add_lesson_requires_url_or_notes" time="1.718" /><testcase classname="tests.test_iteration6_bugfix" name="test_move_self_paced_to_self_paced_is_idempotent" time="3.305" /><testcase classname="tests.test_phase5_live_classes" name="test_past_class_without_recording_shows_no_recording_url" time="1.528" /><testcase classname="tests.test_phase6_retakes" name="test_retakes_enabled_allows_reattempt_and_updates_score" time="2.011" /><testcase classname="tests.test_phase1_subtopics" name="test_get_lesson_page_prev_next" time="2.553" /><testcase classname="tests.test_phase4_comments" name="test_delete_root_cascades_replies" time="5.009" /><testcase classname="tests.test_phase6_retakes" name="test_teacher_can_flip_retakes_mid_course" time="2.968" /><testcase classname="tests.test_iteration5_bugfix" name="test_no_academy_vinodpungle_references" time="0.005" /><testcase classname="tests.test_phase7_payments" name="test_admin_settings_upi_vpa_validation" time="2.417" /><testcase classname="tests.test_phase9_10_enrollment" name="test_move_to_nonexistent_batch_rejected" time="4.222" /><testcase classname="tests.test_iteration6_bugfix" name="test_settings_public_razorpay_disabled" time="0.236" /><testcase classname="tests.test_phase1_subtopics" name="test_completed_lesson_progress_accounts_for_subtopics" time="1.699" /><testcase classname="tests.test_phase7_payments" name="test_admin_records_partial_payment_and_grants_access" time="3.182" /><testcase classname="tests.test_phase1_subtopics" name="test_migration_idempotent" time="2.426" /><testcase classname="tests.test_phase4_comments" name="test_recording_comments_teacher_toggle" time="1.367" /><testcase classname="tests.test_phase9_10_enrollment" name="test_dashboard_shows_free_courses" time="2.647" /><testcase classname="tests.test_phase7_payments" name="test_reject_overpayment_and_edit" time="1.863" /><testcase classname="tests.test_phase7_payments" name="test_admin_grant_enrollment_without_payment" time="1.408" /></testsuite></testsuites>